<?xml version="1.0" encoding="UTF-8"?>
<testsuite xmlns:xsi="http://www.w3.org/2001/XMLSchema-instance" xsi:noNamespaceSchemaLocation="https://maven.apache.org/surefire/maven-surefire-plugin/xsd/surefire-test-report.xsd" version="3.0.2" name="nl.rabobank.mithun.assessment.timeline.TimelineApplicationTests" time="41.927" tests="1" errors="0" skipped="0" failures="0">
  <properties>
[...]
</properties>
  <testcase name="contextLoads" classname="nl.rabobank.mithun.assessment.timeline.TimelineApplicationTests" time="0.275">
    <system-out><![CDATA[12:29:09.694 [main] INFO org.springframework.test.context.support.AnnotationConfigContextLoaderUtils -- Could not detect default configuration classes for test class [nl.rabobank.mithun.assessment.timeline.TimelineApplicationTests]: TimelineApplicationTests does not declare any static, non-private, non-final, nested classes annotated with @Configuration.
12:29:09.726 [main] INFO org.springframework.boot.test.context.SpringBootTestContextBootstrapper -- Found @SpringBootConfiguration nl.rabobank.mithun.assessment.timeline.TimelineApplication for test class nl.rabobank.mithun.assessment.timeline.TimelineApplicationTests

  .   ____          _            __ _ _
 /\\ / ___'_ __ _ _(_)_ __  __ _ \ \ \ \
( ( )\___ | '_ | '_| | '_ \/ _` | \ \ \ \
 \\/  ___)| |_)| | | | | || (_| |  ) ) ) )
  '  |____| .__|_| |_|_| |_\__, | / / / /
 =========|_|==============|___/=/_/_/_/

 :: Spring Boot ::                (v3.3.5)

2024-11-11T12:29:09.863+01:00  INFO 36064 --- [timeline] [           main] n.r.m.a.t.TimelineApplicationTests       : Starting TimelineApplicationTests using Java 21.0.4 with PID 36064 (started by mithunramkumararumugam in /Users/mithunramkumararumugam/Documents/Mithun/Rabo/timeline)
2024-11-11T12:29:09.863+01:00  INFO 36064 --- [timeline] [           main] n.r.m.a.t.TimelineApplicationTests       : No active profile set, falling back to 1 default profile: "default"
2024-11-11T12:29:10.073+01:00  INFO 36064 --- [timeline] [           main] .s.d.r.c.RepositoryConfigurationDelegate : Bootstrapping Spring Data JPA repositories in DEFAULT mode.
2024-11-11T12:29:10.095+01:00  INFO 36064 --- [timeline] [           main] .s.d.r.c.RepositoryConfigurationDelegate : Finished Spring Data repository scanning in 19 ms. Found 2 JPA repository interfaces.
2024-11-11T12:29:10.251+01:00  INFO 36064 --- [timeline] [           main] com.zaxxer.hikari.HikariDataSource       : HikariPool-1 - Starting...
2024-11-11T12:29:10.317+01:00  INFO 36064 --- [timeline] [           main] com.zaxxer.hikari.pool.HikariPool        : HikariPool-1 - Added connection conn0: url=jdbc:h2:mem:mydb user=SA
2024-11-11T12:29:10.318+01:00  INFO 36064 --- [timeline] [           main] com.zaxxer.hikari.HikariDataSource       : HikariPool-1 - Start completed.
2024-11-11T12:29:10.344+01:00  INFO 36064 --- [timeline] [           main] o.hibernate.jpa.internal.util.LogHelper  : HHH000204: Processing PersistenceUnitInfo [name: default]
2024-11-11T12:29:10.359+01:00  INFO 36064 --- [timeline] [           main] org.hibernate.Version                    : HHH000412: Hibernate ORM core version 6.5.3.Final
2024-11-11T12:29:10.369+01:00  INFO 36064 --- [timeline] [           main] o.h.c.internal.RegionFactoryInitiator    : HHH000026: Second-level cache disabled
2024-11-11T12:29:10.453+01:00  INFO 36064 --- [timeline] [           main] o.s.o.j.p.SpringPersistenceUnitInfo      : No LoadTimeWeaver setup: ignoring JPA class transformer
2024-11-11T12:29:10.468+01:00  WARN 36064 --- [timeline] [           main] org.hibernate.orm.deprecation            : HHH90000025: H2Dialect does not need to be specified explicitly using 'hibernate.dialect' (remove the property setting and it will be selected by default)
2024-11-11T12:29:10.832+01:00  INFO 36064 --- [timeline] [           main] o.h.e.t.j.p.i.JtaPlatformInitiator       : HHH000489: No JTA platform available (set 'hibernate.transaction.jta.platform' to enable JTA platform integration)
2024-11-11T12:29:10.843+01:00  INFO 36064 --- [timeline] [           main] j.LocalContainerEntityManagerFactoryBean : Initialized JPA EntityManagerFactory for persistence unit 'default'
2024-11-11T12:29:11.004+01:00  WARN 36064 --- [timeline] [           main] JpaBaseConfiguration$JpaWebConfiguration : spring.jpa.open-in-view is enabled by default. Therefore, database queries may be performed during view rendering. Explicitly configure spring.jpa.open-in-view to disable this warning
2024-11-11T12:29:11.113+01:00  INFO 36064 --- [timeline] [           main] o.s.b.a.h2.H2ConsoleAutoConfiguration    : H2 console available at '/h2-console'. Database available at 'jdbc:h2:mem:mydb'
2024-11-11T12:29:11.146+01:00  INFO 36064 --- [timeline] [           main] o.a.k.clients.admin.AdminClientConfig    : AdminClientConfig values: 
	auto.include.jmx.reporter = true
	bootstrap.controllers = []
	bootstrap.servers = [localhost:9092]
	client.dns.lookup = use_all_dns_ips
	client.id = timeline-admin-0
	connections.max.idle.ms = 300000
	default.api.timeout.ms = 60000
	enable.metrics.push = true
	metadata.max.age.ms = 300000
	metric.reporters = []
	metrics.num.samples = 2
	metrics.recording.level = INFO
	metrics.sample.window.ms = 30000
	receive.buffer.bytes = 65536
	reconnect.backoff.max.ms = 1000
	reconnect.backoff.ms = 50
	request.timeout.ms = 30000
	retries = 2147483647
	retry.backoff.max.ms = 1000
	retry.backoff.ms = 100
	sasl.client.callback.handler.class = null
	sasl.jaas.config = null
	sasl.kerberos.kinit.cmd = /usr/bin/kinit
	sasl.kerberos.min.time.before.relogin = 60000
	sasl.kerberos.service.name = null
	sasl.kerberos.ticket.renew.jitter = 0.05
	sasl.kerberos.ticket.renew.window.factor = 0.8
	sasl.login.callback.handler.class = null
	sasl.login.class = null
	sasl.login.connect.timeout.ms = null
	sasl.login.read.timeout.ms = null
	sasl.login.refresh.buffer.seconds = 300
	sasl.login.refresh.min.period.seconds = 60
	sasl.login.refresh.window.factor = 0.8
	sasl.login.refresh.window.jitter = 0.05
	sasl.login.retry.backoff.max.ms = 10000
	sasl.login.retry.backoff.ms = 100
	sasl.mechanism = GSSAPI
	sasl.oauthbearer.clock.skew.seconds = 30
	sasl.oauthbearer.expected.audience = null
	sasl.oauthbearer.expected.issuer = null
	sasl.oauthbearer.jwks.endpoint.refresh.ms = 3600000
	sasl.oauthbearer.jwks.endpoint.retry.backoff.max.ms = 10000
	sasl.oauthbearer.jwks.endpoint.retry.backoff.ms = 100
	sasl.oauthbearer.jwks.endpoint.url = null
	sasl.oauthbearer.scope.claim.name = scope
	sasl.oauthbearer.sub.claim.name = sub
	sasl.oauthbearer.token.endpoint.url = null
	security.protocol = PLAINTEXT
	security.providers = null
	send.buffer.bytes = 131072
	socket.connection.setup.timeout.max.ms = 30000
	socket.connection.setup.timeout.ms = 10000
	ssl.cipher.suites = null
	ssl.enabled.protocols = [TLSv1.2, TLSv1.3]
	ssl.endpoint.identification.algorithm = https
	ssl.engine.factory.class = null
	ssl.key.password = null
	ssl.keymanager.algorithm = SunX509
	ssl.keystore.certificate.chain = null
	ssl.keystore.key = null
	ssl.keystore.location = null
	ssl.keystore.password = null
	ssl.keystore.type = JKS
	ssl.protocol = TLSv1.3
	ssl.provider = null
	ssl.secure.random.implementation = null
	ssl.trustmanager.algorithm = PKIX
	ssl.truststore.certificates = null
	ssl.truststore.location = null
	ssl.truststore.password = null
	ssl.truststore.type = JKS

2024-11-11T12:29:11.212+01:00  INFO 36064 --- [timeline] [           main] o.a.kafka.common.utils.AppInfoParser     : Kafka version: 3.7.1
2024-11-11T12:29:11.212+01:00  INFO 36064 --- [timeline] [           main] o.a.kafka.common.utils.AppInfoParser     : Kafka commitId: e2494e6ffb89f828
2024-11-11T12:29:11.212+01:00  INFO 36064 --- [timeline] [           main] o.a.kafka.common.utils.AppInfoParser     : Kafka startTimeMs: 1731324551212
2024-11-11T12:29:11.221+01:00  INFO 36064 --- [timeline] [imeline-admin-0] org.apache.kafka.clients.NetworkClient   : [AdminClient clientId=timeline-admin-0] Node -1 disconnected.
2024-11-11T12:29:11.222+01:00  WARN 36064 --- [timeline] [imeline-admin-0] org.apache.kafka.clients.NetworkClient   : [AdminClient clientId=timeline-admin-0] Connection to node -1 (localhost/127.0.0.1:9092) could not be established. Node may not be available.
2024-11-11T12:29:11.324+01:00  INFO 36064 --- [timeline] [imeline-admin-0] org.apache.kafka.clients.NetworkClient   : [AdminClient clientId=timeline-admin-0] Node -1 disconnected.
2024-11-11T12:29:11.324+01:00  WARN 36064 --- [timeline] [imeline-admin-0] org.apache.kafka.clients.NetworkClient   : [AdminClient clientId=timeline-admin-0] Connection to node -1 (localhost/127.0.0.1:9092) could not be established. Node may not be available.
2024-11-11T12:29:11.526+01:00  INFO 36064 --- [timeline] [imeline-admin-0] org.apache.kafka.clients.NetworkClient   : [AdminClient clientId=timeline-admin-0] Node -1 disconnected.
2024-11-11T12:29:11.527+01:00  WARN 36064 --- [timeline] [imeline-admin-0] org.apache.kafka.clients.NetworkClient   : [AdminClient clientId=timeline-admin-0] Connection to node -1 (localhost/127.0.0.1:9092) could not be established. Node may not be available.
2024-11-11T12:29:11.730+01:00  INFO 36064 --- [timeline] [imeline-admin-0] org.apache.kafka.clients.NetworkClient   : [AdminClient clientId=timeline-admin-0] Node -1 disconnected.
2024-11-11T12:29:11.730+01:00  WARN 36064 --- [timeline] [imeline-admin-0] org.apache.kafka.clients.NetworkClient   : [AdminClient clientId=timeline-admin-0] Connection to node -1 (localhost/127.0.0.1:9092) could not be established. Node may not be available.
2024-11-11T12:29:12.239+01:00  INFO 36064 --- [timeline] [imeline-admin-0] org.apache.kafka.clients.NetworkClient   : [AdminClient clientId=timeline-admin-0] Node -1 disconnected.
2024-11-11T12:29:12.240+01:00  WARN 36064 --- [timeline] [imeline-admin-0] org.apache.kafka.clients.NetworkClient   : [AdminClient clientId=timeline-admin-0] Connection to node -1 (localhost/127.0.0.1:9092) could not be established. Node may not be available.
2024-11-11T12:29:13.052+01:00  INFO 36064 --- [timeline] [imeline-admin-0] org.apache.kafka.clients.NetworkClient   : [AdminClient clientId=timeline-admin-0] Node -1 disconnected.
2024-11-11T12:29:13.052+01:00  WARN 36064 --- [timeline] [imeline-admin-0] org.apache.kafka.clients.NetworkClient   : [AdminClient clientId=timeline-admin-0] Connection to node -1 (localhost/127.0.0.1:9092) could not be established. Node may not be available.
2024-11-11T12:29:14.067+01:00  INFO 36064 --- [timeline] [imeline-admin-0] org.apache.kafka.clients.NetworkClient   : [AdminClient clientId=timeline-admin-0] Node -1 disconnected.
2024-11-11T12:29:14.068+01:00  WARN 36064 --- [timeline] [imeline-admin-0] org.apache.kafka.clients.NetworkClient   : [AdminClient clientId=timeline-admin-0] Connection to node -1 (localhost/127.0.0.1:9092) could not be established. Node may not be available.
2024-11-11T12:29:14.982+01:00  INFO 36064 --- [timeline] [imeline-admin-0] org.apache.kafka.clients.NetworkClient   : [AdminClient clientId=timeline-admin-0] Node -1 disconnected.
2024-11-11T12:29:14.983+01:00  WARN 36064 --- [timeline] [imeline-admin-0] org.apache.kafka.clients.NetworkClient   : [AdminClient clientId=timeline-admin-0] Connection to node -1 (localhost/127.0.0.1:9092) could not be established. Node may not be available.
2024-11-11T12:29:15.999+01:00  INFO 36064 --- [timeline] [imeline-admin-0] org.apache.kafka.clients.NetworkClient   : [AdminClient clientId=timeline-admin-0] Node -1 disconnected.
2024-11-11T12:29:16.000+01:00  WARN 36064 --- [timeline] [imeline-admin-0] org.apache.kafka.clients.NetworkClient   : [AdminClient clientId=timeline-admin-0] Connection to node -1 (localhost/127.0.0.1:9092) could not be established. Node may not be available.
2024-11-11T12:29:17.016+01:00  INFO 36064 --- [timeline] [imeline-admin-0] org.apache.kafka.clients.NetworkClient   : [AdminClient clientId=timeline-admin-0] Node -1 disconnected.
2024-11-11T12:29:17.016+01:00  WARN 36064 --- [timeline] [imeline-admin-0] org.apache.kafka.clients.NetworkClient   : [AdminClient clientId=timeline-admin-0] Connection to node -1 (localhost/127.0.0.1:9092) could not be established. Node may not be available.
2024-11-11T12:29:18.031+01:00  INFO 36064 --- [timeline] [imeline-admin-0] org.apache.kafka.clients.NetworkClient   : [AdminClient clientId=timeline-admin-0] Node -1 disconnected.
2024-11-11T12:29:18.031+01:00  WARN 36064 --- [timeline] [imeline-admin-0] org.apache.kafka.clients.NetworkClient   : [AdminClient clientId=timeline-admin-0] Connection to node -1 (localhost/127.0.0.1:9092) could not be established. Node may not be available.
2024-11-11T12:29:19.046+01:00  INFO 36064 --- [timeline] [imeline-admin-0] org.apache.kafka.clients.NetworkClient   : [AdminClient clientId=timeline-admin-0] Node -1 disconnected.
2024-11-11T12:29:19.046+01:00  WARN 36064 --- [timeline] [imeline-admin-0] org.apache.kafka.clients.NetworkClient   : [AdminClient clientId=timeline-admin-0] Connection to node -1 (localhost/127.0.0.1:9092) could not be established. Node may not be available.
2024-11-11T12:29:20.058+01:00  INFO 36064 --- [timeline] [imeline-admin-0] org.apache.kafka.clients.NetworkClient   : [AdminClient clientId=timeline-admin-0] Node -1 disconnected.
2024-11-11T12:29:20.059+01:00  WARN 36064 --- [timeline] [imeline-admin-0] org.apache.kafka.clients.NetworkClient   : [AdminClient clientId=timeline-admin-0] Connection to node -1 (localhost/127.0.0.1:9092) could not be established. Node may not be available.
2024-11-11T12:29:21.072+01:00  INFO 36064 --- [timeline] [imeline-admin-0] org.apache.kafka.clients.NetworkClient   : [AdminClient clientId=timeline-admin-0] Node -1 disconnected.
2024-11-11T12:29:21.072+01:00  WARN 36064 --- [timeline] [imeline-admin-0] org.apache.kafka.clients.NetworkClient   : [AdminClient clientId=timeline-admin-0] Connection to node -1 (localhost/127.0.0.1:9092) could not be established. Node may not be available.
2024-11-11T12:29:22.086+01:00  INFO 36064 --- [timeline] [imeline-admin-0] org.apache.kafka.clients.NetworkClient   : [AdminClient clientId=timeline-admin-0] Node -1 disconnected.
2024-11-11T12:29:22.086+01:00  WARN 36064 --- [timeline] [imeline-admin-0] org.apache.kafka.clients.NetworkClient   : [AdminClient clientId=timeline-admin-0] Connection to node -1 (localhost/127.0.0.1:9092) could not be established. Node may not be available.
2024-11-11T12:29:23.101+01:00  INFO 36064 --- [timeline] [imeline-admin-0] org.apache.kafka.clients.NetworkClient   : [AdminClient clientId=timeline-admin-0] Node -1 disconnected.
2024-11-11T12:29:23.101+01:00  WARN 36064 --- [timeline] [imeline-admin-0] org.apache.kafka.clients.NetworkClient   : [AdminClient clientId=timeline-admin-0] Connection to node -1 (localhost/127.0.0.1:9092) could not be established. Node may not be available.
2024-11-11T12:29:24.116+01:00  INFO 36064 --- [timeline] [imeline-admin-0] org.apache.kafka.clients.NetworkClient   : [AdminClient clientId=timeline-admin-0] Node -1 disconnected.
2024-11-11T12:29:24.116+01:00  WARN 36064 --- [timeline] [imeline-admin-0] org.apache.kafka.clients.NetworkClient   : [AdminClient clientId=timeline-admin-0] Connection to node -1 (localhost/127.0.0.1:9092) could not be established. Node may not be available.
2024-11-11T12:29:25.029+01:00  INFO 36064 --- [timeline] [imeline-admin-0] org.apache.kafka.clients.NetworkClient   : [AdminClient clientId=timeline-admin-0] Node -1 disconnected.
2024-11-11T12:29:25.030+01:00  WARN 36064 --- [timeline] [imeline-admin-0] org.apache.kafka.clients.NetworkClient   : [AdminClient clientId=timeline-admin-0] Connection to node -1 (localhost/127.0.0.1:9092) could not be established. Node may not be available.
2024-11-11T12:29:26.045+01:00  INFO 36064 --- [timeline] [imeline-admin-0] org.apache.kafka.clients.NetworkClient   : [AdminClient clientId=timeline-admin-0] Node -1 disconnected.
2024-11-11T12:29:26.045+01:00  WARN 36064 --- [timeline] [imeline-admin-0] org.apache.kafka.clients.NetworkClient   : [AdminClient clientId=timeline-admin-0] Connection to node -1 (localhost/127.0.0.1:9092) could not be established. Node may not be available.
2024-11-11T12:29:26.957+01:00  INFO 36064 --- [timeline] [imeline-admin-0] org.apache.kafka.clients.NetworkClient   : [AdminClient clientId=timeline-admin-0] Node -1 disconnected.
2024-11-11T12:29:26.958+01:00  WARN 36064 --- [timeline] [imeline-admin-0] org.apache.kafka.clients.NetworkClient   : [AdminClient clientId=timeline-admin-0] Connection to node -1 (localhost/127.0.0.1:9092) could not be established. Node may not be available.
2024-11-11T12:29:27.973+01:00  INFO 36064 --- [timeline] [imeline-admin-0] org.apache.kafka.clients.NetworkClient   : [AdminClient clientId=timeline-admin-0] Node -1 disconnected.
2024-11-11T12:29:27.974+01:00  WARN 36064 --- [timeline] [imeline-admin-0] org.apache.kafka.clients.NetworkClient   : [AdminClient clientId=timeline-admin-0] Connection to node -1 (localhost/127.0.0.1:9092) could not be established. Node may not be available.
2024-11-11T12:29:28.989+01:00  INFO 36064 --- [timeline] [imeline-admin-0] org.apache.kafka.clients.NetworkClient   : [AdminClient clientId=timeline-admin-0] Node -1 disconnected.
2024-11-11T12:29:28.989+01:00  WARN 36064 --- [timeline] [imeline-admin-0] org.apache.kafka.clients.NetworkClient   : [AdminClient clientId=timeline-admin-0] Connection to node -1 (localhost/127.0.0.1:9092) could not be established. Node may not be available.
2024-11-11T12:29:29.902+01:00  INFO 36064 --- [timeline] [imeline-admin-0] org.apache.kafka.clients.NetworkClient   : [AdminClient clientId=timeline-admin-0] Node -1 disconnected.
2024-11-11T12:29:29.903+01:00  WARN 36064 --- [timeline] [imeline-admin-0] org.apache.kafka.clients.NetworkClient   : [AdminClient clientId=timeline-admin-0] Connection to node -1 (localhost/127.0.0.1:9092) could not be established. Node may not be available.
2024-11-11T12:29:30.816+01:00  INFO 36064 --- [timeline] [imeline-admin-0] org.apache.kafka.clients.NetworkClient   : [AdminClient clientId=timeline-admin-0] Node -1 disconnected.
2024-11-11T12:29:30.816+01:00  WARN 36064 --- [timeline] [imeline-admin-0] org.apache.kafka.clients.NetworkClient   : [AdminClient clientId=timeline-admin-0] Connection to node -1 (localhost/127.0.0.1:9092) could not be established. Node may not be available.
2024-11-11T12:29:31.729+01:00  INFO 36064 --- [timeline] [imeline-admin-0] org.apache.kafka.clients.NetworkClient   : [AdminClient clientId=timeline-admin-0] Node -1 disconnected.
2024-11-11T12:29:31.730+01:00  WARN 36064 --- [timeline] [imeline-admin-0] org.apache.kafka.clients.NetworkClient   : [AdminClient clientId=timeline-admin-0] Connection to node -1 (localhost/127.0.0.1:9092) could not be established. Node may not be available.
2024-11-11T12:29:32.744+01:00  INFO 36064 --- [timeline] [imeline-admin-0] org.apache.kafka.clients.NetworkClient   : [AdminClient clientId=timeline-admin-0] Node -1 disconnected.
2024-11-11T12:29:32.744+01:00  WARN 36064 --- [timeline] [imeline-admin-0] org.apache.kafka.clients.NetworkClient   : [AdminClient clientId=timeline-admin-0] Connection to node -1 (localhost/127.0.0.1:9092) could not be established. Node may not be available.
2024-11-11T12:29:33.657+01:00  INFO 36064 --- [timeline] [imeline-admin-0] org.apache.kafka.clients.NetworkClient   : [AdminClient clientId=timeline-admin-0] Node -1 disconnected.
2024-11-11T12:29:33.657+01:00  WARN 36064 --- [timeline] [imeline-admin-0] org.apache.kafka.clients.NetworkClient   : [AdminClient clientId=timeline-admin-0] Connection to node -1 (localhost/127.0.0.1:9092) could not be established. Node may not be available.
2024-11-11T12:29:34.671+01:00  INFO 36064 --- [timeline] [imeline-admin-0] org.apache.kafka.clients.NetworkClient   : [AdminClient clientId=timeline-admin-0] Node -1 disconnected.
2024-11-11T12:29:34.672+01:00  WARN 36064 --- [timeline] [imeline-admin-0] org.apache.kafka.clients.NetworkClient   : [AdminClient clientId=timeline-admin-0] Connection to node -1 (localhost/127.0.0.1:9092) could not be established. Node may not be available.
2024-11-11T12:29:35.686+01:00  INFO 36064 --- [timeline] [imeline-admin-0] org.apache.kafka.clients.NetworkClient   : [AdminClient clientId=timeline-admin-0] Node -1 disconnected.
2024-11-11T12:29:35.687+01:00  WARN 36064 --- [timeline] [imeline-admin-0] org.apache.kafka.clients.NetworkClient   : [AdminClient clientId=timeline-admin-0] Connection to node -1 (localhost/127.0.0.1:9092) could not be established. Node may not be available.
2024-11-11T12:29:36.600+01:00  INFO 36064 --- [timeline] [imeline-admin-0] org.apache.kafka.clients.NetworkClient   : [AdminClient clientId=timeline-admin-0] Node -1 disconnected.
2024-11-11T12:29:36.601+01:00  WARN 36064 --- [timeline] [imeline-admin-0] org.apache.kafka.clients.NetworkClient   : [AdminClient clientId=timeline-admin-0] Connection to node -1 (localhost/127.0.0.1:9092) could not be established. Node may not be available.
2024-11-11T12:29:37.614+01:00  INFO 36064 --- [timeline] [imeline-admin-0] org.apache.kafka.clients.NetworkClient   : [AdminClient clientId=timeline-admin-0] Node -1 disconnected.
2024-11-11T12:29:37.614+01:00  WARN 36064 --- [timeline] [imeline-admin-0] org.apache.kafka.clients.NetworkClient   : [AdminClient clientId=timeline-admin-0] Connection to node -1 (localhost/127.0.0.1:9092) could not be established. Node may not be available.
2024-11-11T12:29:38.527+01:00  INFO 36064 --- [timeline] [imeline-admin-0] org.apache.kafka.clients.NetworkClient   : [AdminClient clientId=timeline-admin-0] Node -1 disconnected.
2024-11-11T12:29:38.528+01:00  WARN 36064 --- [timeline] [imeline-admin-0] org.apache.kafka.clients.NetworkClient   : [AdminClient clientId=timeline-admin-0] Connection to node -1 (localhost/127.0.0.1:9092) could not be established. Node may not be available.
2024-11-11T12:29:39.542+01:00  INFO 36064 --- [timeline] [imeline-admin-0] org.apache.kafka.clients.NetworkClient   : [AdminClient clientId=timeline-admin-0] Node -1 disconnected.
2024-11-11T12:29:39.542+01:00  WARN 36064 --- [timeline] [imeline-admin-0] org.apache.kafka.clients.NetworkClient   : [AdminClient clientId=timeline-admin-0] Connection to node -1 (localhost/127.0.0.1:9092) could not be established. Node may not be available.
2024-11-11T12:29:40.556+01:00  INFO 36064 --- [timeline] [imeline-admin-0] org.apache.kafka.clients.NetworkClient   : [AdminClient clientId=timeline-admin-0] Node -1 disconnected.
2024-11-11T12:29:40.556+01:00  WARN 36064 --- [timeline] [imeline-admin-0] org.apache.kafka.clients.NetworkClient   : [AdminClient clientId=timeline-admin-0] Connection to node -1 (localhost/127.0.0.1:9092) could not be established. Node may not be available.
2024-11-11T12:29:41.215+01:00  INFO 36064 --- [timeline] [imeline-admin-0] o.a.k.c.a.i.AdminMetadataManager         : [AdminClient clientId=timeline-admin-0] Metadata update failed

org.apache.kafka.common.errors.TimeoutException: Timed out waiting for a node assignment. Call: fetchMetadata

2024-11-11T12:29:41.219+01:00 ERROR 36064 --- [timeline] [           main] o.springframework.kafka.core.KafkaAdmin  : Could not configure topics

org.springframework.kafka.KafkaException: Timed out waiting to get existing topics
	at org.springframework.kafka.core.KafkaAdmin.lambda$checkPartitions$13(KafkaAdmin.java:550) ~[spring-kafka-3.2.4.jar:3.2.4]
	at java.base/java.util.HashMap.forEach(HashMap.java:1429) ~[na:na]
	at org.springframework.kafka.core.KafkaAdmin.checkPartitions(KafkaAdmin.java:529) ~[spring-kafka-3.2.4.jar:3.2.4]
	at org.springframework.kafka.core.KafkaAdmin.addOrModifyTopicsIfNeeded(KafkaAdmin.java:422) ~[spring-kafka-3.2.4.jar:3.2.4]
	at org.springframework.kafka.core.KafkaAdmin.initialize(KafkaAdmin.java:274) ~[spring-kafka-3.2.4.jar:3.2.4]
	at org.springframework.kafka.core.KafkaAdmin.afterSingletonsInstantiated(KafkaAdmin.java:238) ~[spring-kafka-3.2.4.jar:3.2.4]
	at org.springframework.beans.factory.support.DefaultListableBeanFactory.preInstantiateSingletons(DefaultListableBeanFactory.java:986) ~[spring-beans-6.1.14.jar:6.1.14]
	at org.springframework.context.support.AbstractApplicationContext.finishBeanFactoryInitialization(AbstractApplicationContext.java:971) ~[spring-context-6.1.14.jar:6.1.14]
	at org.springframework.context.support.AbstractApplicationContext.refresh(AbstractApplicationContext.java:625) ~[spring-context-6.1.14.jar:6.1.14]
	at org.springframework.boot.SpringApplication.refresh(SpringApplication.java:754) ~[spring-boot-3.3.5.jar:3.3.5]
	at org.springframework.boot.SpringApplication.refreshContext(SpringApplication.java:456) ~[spring-boot-3.3.5.jar:3.3.5]
	at org.springframework.boot.SpringApplication.run(SpringApplication.java:335) ~[spring-boot-3.3.5.jar:3.3.5]
	at org.springframework.boot.test.context.SpringBootContextLoader.lambda$loadContext$3(SpringBootContextLoader.java:137) ~[spring-boot-test-3.3.5.jar:3.3.5]
	at org.springframework.util.function.ThrowingSupplier.get(ThrowingSupplier.java:58) ~[spring-core-6.1.14.jar:6.1.14]
	at org.springframework.util.function.ThrowingSupplier.get(ThrowingSupplier.java:46) ~[spring-core-6.1.14.jar:6.1.14]
	at org.springframework.boot.SpringApplication.withHook(SpringApplication.java:1463) ~[spring-boot-3.3.5.jar:3.3.5]
	at org.springframework.boot.test.context.SpringBootContextLoader$ContextLoaderHook.run(SpringBootContextLoader.java:553) ~[spring-boot-test-3.3.5.jar:3.3.5]
	at org.springframework.boot.test.context.SpringBootContextLoader.loadContext(SpringBootContextLoader.java:137) ~[spring-boot-test-3.3.5.jar:3.3.5]
	at org.springframework.boot.test.context.SpringBootContextLoader.loadContext(SpringBootContextLoader.java:108) ~[spring-boot-test-3.3.5.jar:3.3.5]
	at org.springframework.test.context.cache.DefaultCacheAwareContextLoaderDelegate.loadContextInternal(DefaultCacheAwareContextLoaderDelegate.java:225) ~[spring-test-6.1.14.jar:6.1.14]
	at org.springframework.test.context.cache.DefaultCacheAwareContextLoaderDelegate.loadContext(DefaultCacheAwareContextLoaderDelegate.java:152) ~[spring-test-6.1.14.jar:6.1.14]
	at org.springframework.test.context.support.DefaultTestContext.getApplicationContext(DefaultTestContext.java:130) ~[spring-test-6.1.14.jar:6.1.14]
	at org.springframework.test.context.web.ServletTestExecutionListener.setUpRequestContextIfNecessary(ServletTestExecutionListener.java:191) ~[spring-test-6.1.14.jar:6.1.14]
	at org.springframework.test.context.web.ServletTestExecutionListener.prepareTestInstance(ServletTestExecutionListener.java:130) ~[spring-test-6.1.14.jar:6.1.14]
	at org.springframework.test.context.TestContextManager.prepareTestInstance(TestContextManager.java:260) ~[spring-test-6.1.14.jar:6.1.14]
	at org.springframework.test.context.junit.jupiter.SpringExtension.postProcessTestInstance(SpringExtension.java:163) ~[spring-test-6.1.14.jar:6.1.14]
	at org.junit.jupiter.engine.descriptor.ClassBasedTestDescriptor.lambda$invokeTestInstancePostProcessors$10(ClassBasedTestDescriptor.java:378) ~[junit-jupiter-engine-5.10.5.jar:5.10.5]
	at org.junit.jupiter.engine.descriptor.ClassBasedTestDescriptor.executeAndMaskThrowable(ClassBasedTestDescriptor.java:383) ~[junit-jupiter-engine-5.10.5.jar:5.10.5]
	at org.junit.jupiter.engine.descriptor.ClassBasedTestDescriptor.lambda$invokeTestInstancePostProcessors$11(ClassBasedTestDescriptor.java:378) ~[junit-jupiter-engine-5.10.5.jar:5.10.5]
	at java.base/java.util.stream.ReferencePipeline$3$1.accept(ReferencePipeline.java:197) ~[na:na]
	at java.base/java.util.stream.ReferencePipeline$2$1.accept(ReferencePipeline.java:179) ~[na:na]
	at java.base/java.util.ArrayList$ArrayListSpliterator.forEachRemaining(ArrayList.java:1708) ~[na:na]
	at java.base/java.util.stream.AbstractPipeline.copyInto(AbstractPipeline.java:509) ~[na:na]
	at java.base/java.util.stream.AbstractPipeline.wrapAndCopyInto(AbstractPipeline.java:499) ~[na:na]
	at java.base/java.util.stream.StreamSpliterators$WrappingSpliterator.forEachRemaining(StreamSpliterators.java:310) ~[na:na]
	at java.base/java.util.stream.Streams$ConcatSpliterator.forEachRemaining(Streams.java:735) ~[na:na]
	at java.base/java.util.stream.Streams$ConcatSpliterator.forEachRemaining(Streams.java:734) ~[na:na]
	at java.base/java.util.stream.ReferencePipeline$Head.forEach(ReferencePipeline.java:762) ~[na:na]
	at org.junit.jupiter.engine.descriptor.ClassBasedTestDescriptor.invokeTestInstancePostProcessors(ClassBasedTestDescriptor.java:377) ~[junit-jupiter-engine-5.10.5.jar:5.10.5]
	at org.junit.jupiter.engine.descriptor.ClassBasedTestDescriptor.lambda$instantiateAndPostProcessTestInstance$6(ClassBasedTestDescriptor.java:290) ~[junit-jupiter-engine-5.10.5.jar:5.10.5]
	at org.junit.platform.engine.support.hierarchical.ThrowableCollector.execute(ThrowableCollector.java:73) ~[junit-platform-engine-1.10.5.jar:1.10.5]
	at org.junit.jupiter.engine.descriptor.ClassBasedTestDescriptor.instantiateAndPostProcessTestInstance(ClassBasedTestDescriptor.java:289) ~[junit-jupiter-engine-5.10.5.jar:5.10.5]
	at org.junit.jupiter.engine.descriptor.ClassBasedTestDescriptor.lambda$testInstancesProvider$4(ClassBasedTestDescriptor.java:279) ~[junit-jupiter-engine-5.10.5.jar:5.10.5]
	at java.base/java.util.Optional.orElseGet(Optional.java:364) ~[na:na]
	at org.junit.jupiter.engine.descriptor.ClassBasedTestDescriptor.lambda$testInstancesProvider$5(ClassBasedTestDescriptor.java:278) ~[junit-jupiter-engine-5.10.5.jar:5.10.5]
	at org.junit.jupiter.engine.execution.TestInstancesProvider.getTestInstances(TestInstancesProvider.java:31) ~[junit-jupiter-engine-5.10.5.jar:5.10.5]
	at org.junit.jupiter.engine.descriptor.TestMethodTestDescriptor.lambda$prepare$0(TestMethodTestDescriptor.java:106) ~[junit-jupiter-engine-5.10.5.jar:5.10.5]
	at org.junit.platform.engine.support.hierarchical.ThrowableCollector.execute(ThrowableCollector.java:73) ~[junit-platform-engine-1.10.5.jar:1.10.5]
	at org.junit.jupiter.engine.descriptor.TestMethodTestDescriptor.prepare(TestMethodTestDescriptor.java:105) ~[junit-jupiter-engine-5.10.5.jar:5.10.5]
	at org.junit.jupiter.engine.descriptor.TestMethodTestDescriptor.prepare(TestMethodTestDescriptor.java:69) ~[junit-jupiter-engine-5.10.5.jar:5.10.5]
	at org.junit.platform.engine.support.hierarchical.NodeTestTask.lambda$prepare$2(NodeTestTask.java:128) ~[junit-platform-engine-1.10.5.jar:1.10.5]
	at org.junit.platform.engine.support.hierarchical.ThrowableCollector.execute(ThrowableCollector.java:73) ~[junit-platform-engine-1.10.5.jar:1.10.5]
	at org.junit.platform.engine.support.hierarchical.NodeTestTask.prepare(NodeTestTask.java:128) ~[junit-platform-engine-1.10.5.jar:1.10.5]
	at org.junit.platform.engine.support.hierarchical.NodeTestTask.execute(NodeTestTask.java:95) ~[junit-platform-engine-1.10.5.jar:1.10.5]
	at java.base/java.util.ArrayList.forEach(ArrayList.java:1596) ~[na:na]
	at org.junit.platform.engine.support.hierarchical.SameThreadHierarchicalTestExecutorService.invokeAll(SameThreadHierarchicalTestExecutorService.java:41) ~[junit-platform-engine-1.10.5.jar:1.10.5]
	at org.junit.platform.engine.support.hierarchical.NodeTestTask.lambda$executeRecursively$6(NodeTestTask.java:160) ~[junit-platform-engine-1.10.5.jar:1.10.5]
	at org.junit.platform.engine.support.hierarchical.ThrowableCollector.execute(ThrowableCollector.java:73) ~[junit-platform-engine-1.10.5.jar:1.10.5]
	at org.junit.platform.engine.support.hierarchical.NodeTestTask.lambda$executeRecursively$8(NodeTestTask.java:146) ~[junit-platform-engine-1.10.5.jar:1.10.5]
	at org.junit.platform.engine.support.hierarchical.Node.around(Node.java:137) ~[junit-platform-engine-1.10.5.jar:1.10.5]
	at org.junit.platform.engine.support.hierarchical.NodeTestTask.lambda$executeRecursively$9(NodeTestTask.java:144) ~[junit-platform-engine-1.10.5.jar:1.10.5]
	at org.junit.platform.engine.support.hierarchical.ThrowableCollector.execute(ThrowableCollector.java:73) ~[junit-platform-engine-1.10.5.jar:1.10.5]
	at org.junit.platform.engine.support.hierarchical.NodeTestTask.executeRecursively(NodeTestTask.java:143) ~[junit-platform-engine-1.10.5.jar:1.10.5]
	at org.junit.platform.engine.support.hierarchical.NodeTestTask.execute(NodeTestTask.java:100) ~[junit-platform-engine-1.10.5.jar:1.10.5]
	at java.base/java.util.ArrayList.forEach(ArrayList.java:1596) ~[na:na]
	at org.junit.platform.engine.support.hierarchical.SameThreadHierarchicalTestExecutorService.invokeAll(SameThreadHierarchicalTestExecutorService.java:41) ~[junit-platform-engine-1.10.5.jar:1.10.5]
	at org.junit.platform.engine.support.hierarchical.NodeTestTask.lambda$executeRecursively$6(NodeTestTask.java:160) ~[junit-platform-engine-1.10.5.jar:1.10.5]
	at org.junit.platform.engine.support.hierarchical.ThrowableCollector.execute(ThrowableCollector.java:73) ~[junit-platform-engine-1.10.5.jar:1.10.5]
	at org.junit.platform.engine.support.hierarchical.NodeTestTask.lambda$executeRecursively$8(NodeTestTask.java:146) ~[junit-platform-engine-1.10.5.jar:1.10.5]
	at org.junit.platform.engine.support.hierarchical.Node.around(Node.java:137) ~[junit-platform-engine-1.10.5.jar:1.10.5]
	at org.junit.platform.engine.support.hierarchical.NodeTestTask.lambda$executeRecursively$9(NodeTestTask.java:144) ~[junit-platform-engine-1.10.5.jar:1.10.5]
	at org.junit.platform.engine.support.hierarchical.ThrowableCollector.execute(ThrowableCollector.java:73) ~[junit-platform-engine-1.10.5.jar:1.10.5]
	at org.junit.platform.engine.support.hierarchical.NodeTestTask.executeRecursively(NodeTestTask.java:143) ~[junit-platform-engine-1.10.5.jar:1.10.5]
	at org.junit.platform.engine.support.hierarchical.NodeTestTask.execute(NodeTestTask.java:100) ~[junit-platform-engine-1.10.5.jar:1.10.5]
	at org.junit.platform.engine.support.hierarchical.SameThreadHierarchicalTestExecutorService.submit(SameThreadHierarchicalTestExecutorService.java:35) ~[junit-platform-engine-1.10.5.jar:1.10.5]
	at org.junit.platform.engine.support.hierarchical.HierarchicalTestExecutor.execute(HierarchicalTestExecutor.java:57) ~[junit-platform-engine-1.10.5.jar:1.10.5]
	at org.junit.platform.engine.support.hierarchical.HierarchicalTestEngine.execute(HierarchicalTestEngine.java:54) ~[junit-platform-engine-1.10.5.jar:1.10.5]
	at org.junit.platform.launcher.core.EngineExecutionOrchestrator.execute(EngineExecutionOrchestrator.java:198) ~[junit-platform-launcher-1.10.5.jar:1.10.5]
	at org.junit.platform.launcher.core.EngineExecutionOrchestrator.execute(EngineExecutionOrchestrator.java:169) ~[junit-platform-launcher-1.10.5.jar:1.10.5]
	at org.junit.platform.launcher.core.EngineExecutionOrchestrator.execute(EngineExecutionOrchestrator.java:93) ~[junit-platform-launcher-1.10.5.jar:1.10.5]
	at org.junit.platform.launcher.core.EngineExecutionOrchestrator.lambda$execute$0(EngineExecutionOrchestrator.java:58) ~[junit-platform-launcher-1.10.5.jar:1.10.5]
	at org.junit.platform.launcher.core.EngineExecutionOrchestrator.withInterceptedStreams(EngineExecutionOrchestrator.java:141) ~[junit-platform-launcher-1.10.5.jar:1.10.5]
	at org.junit.platform.launcher.core.EngineExecutionOrchestrator.execute(EngineExecutionOrchestrator.java:57) ~[junit-platform-launcher-1.10.5.jar:1.10.5]
	at org.junit.platform.launcher.core.DefaultLauncher.execute(DefaultLauncher.java:103) ~[junit-platform-launcher-1.10.5.jar:1.10.5]
	at org.junit.platform.launcher.core.DefaultLauncher.execute(DefaultLauncher.java:85) ~[junit-platform-launcher-1.10.5.jar:1.10.5]
	at org.junit.platform.launcher.core.DelegatingLauncher.execute(DelegatingLauncher.java:47) ~[junit-platform-launcher-1.10.5.jar:1.10.5]
	at org.apache.maven.surefire.junitplatform.LazyLauncher.execute(LazyLauncher.java:56) ~[surefire-junit-platform-3.5.2.jar:3.5.2]
	at org.apache.maven.surefire.junitplatform.JUnitPlatformProvider.execute(JUnitPlatformProvider.java:184) ~[surefire-junit-platform-3.5.2.jar:3.5.2]
	at org.apache.maven.surefire.junitplatform.JUnitPlatformProvider.invokeAllTests(JUnitPlatformProvider.java:148) ~[surefire-junit-platform-3.5.2.jar:3.5.2]
	at org.apache.maven.surefire.junitplatform.JUnitPlatformProvider.invoke(JUnitPlatformProvider.java:122) ~[surefire-junit-platform-3.5.2.jar:3.5.2]
	at org.apache.maven.surefire.booter.ForkedBooter.runSuitesInProcess(ForkedBooter.java:385) ~[surefire-booter-3.5.2.jar:3.5.2]
	at org.apache.maven.surefire.booter.ForkedBooter.execute(ForkedBooter.java:162) ~[surefire-booter-3.5.2.jar:3.5.2]
	at org.apache.maven.surefire.booter.ForkedBooter.run(ForkedBooter.java:507) ~[surefire-booter-3.5.2.jar:3.5.2]
	at org.apache.maven.surefire.booter.ForkedBooter.main(ForkedBooter.java:495) ~[surefire-booter-3.5.2.jar:3.5.2]
Caused by: java.util.concurrent.TimeoutException: null
	at java.base/java.util.concurrent.CompletableFuture.timedGet(CompletableFuture.java:1960) ~[na:na]
	at java.base/java.util.concurrent.CompletableFuture.get(CompletableFuture.java:2095) ~[na:na]
	at org.apache.kafka.common.internals.KafkaFutureImpl.get(KafkaFutureImpl.java:180) ~[kafka-clients-3.7.1.jar:na]
	at org.springframework.kafka.core.KafkaAdmin.lambda$checkPartitions$13(KafkaAdmin.java:532) ~[spring-kafka-3.2.4.jar:3.2.4]
	... 93 common frames omitted

2024-11-11T12:29:41.630+01:00  INFO 36064 --- [timeline] [imeline-admin-0] org.apache.kafka.clients.NetworkClient   : [AdminClient clientId=timeline-admin-0] Node -1 disconnected.
2024-11-11T12:29:41.630+01:00  WARN 36064 --- [timeline] [imeline-admin-0] org.apache.kafka.clients.NetworkClient   : [AdminClient clientId=timeline-admin-0] Connection to node -1 (localhost/127.0.0.1:9092) could not be established. Node may not be available.
2024-11-11T12:29:42.640+01:00  INFO 36064 --- [timeline] [imeline-admin-0] org.apache.kafka.clients.NetworkClient   : [AdminClient clientId=timeline-admin-0] Node -1 disconnected.
2024-11-11T12:29:42.641+01:00  WARN 36064 --- [timeline] [imeline-admin-0] org.apache.kafka.clients.NetworkClient   : [AdminClient clientId=timeline-admin-0] Connection to node -1 (localhost/127.0.0.1:9092) could not be established. Node may not be available.
2024-11-11T12:29:43.652+01:00  INFO 36064 --- [timeline] [imeline-admin-0] org.apache.kafka.clients.NetworkClient   : [AdminClient clientId=timeline-admin-0] Node -1 disconnected.
2024-11-11T12:29:43.653+01:00  WARN 36064 --- [timeline] [imeline-admin-0] org.apache.kafka.clients.NetworkClient   : [AdminClient clientId=timeline-admin-0] Connection to node -1 (localhost/127.0.0.1:9092) could not be established. Node may not be available.
2024-11-11T12:29:44.665+01:00  INFO 36064 --- [timeline] [imeline-admin-0] org.apache.kafka.clients.NetworkClient   : [AdminClient clientId=timeline-admin-0] Node -1 disconnected.
2024-11-11T12:29:44.665+01:00  WARN 36064 --- [timeline] [imeline-admin-0] org.apache.kafka.clients.NetworkClient   : [AdminClient clientId=timeline-admin-0] Connection to node -1 (localhost/127.0.0.1:9092) could not be established. Node may not be available.
2024-11-11T12:29:45.678+01:00  INFO 36064 --- [timeline] [imeline-admin-0] org.apache.kafka.clients.NetworkClient   : [AdminClient clientId=timeline-admin-0] Node -1 disconnected.
2024-11-11T12:29:45.679+01:00  WARN 36064 --- [timeline] [imeline-admin-0] org.apache.kafka.clients.NetworkClient   : [AdminClient clientId=timeline-admin-0] Connection to node -1 (localhost/127.0.0.1:9092) could not be established. Node may not be available.
2024-11-11T12:29:46.590+01:00  INFO 36064 --- [timeline] [imeline-admin-0] org.apache.kafka.clients.NetworkClient   : [AdminClient clientId=timeline-admin-0] Node -1 disconnected.
2024-11-11T12:29:46.590+01:00  WARN 36064 --- [timeline] [imeline-admin-0] org.apache.kafka.clients.NetworkClient   : [AdminClient clientId=timeline-admin-0] Connection to node -1 (localhost/127.0.0.1:9092) could not be established. Node may not be available.
2024-11-11T12:29:47.500+01:00  INFO 36064 --- [timeline] [imeline-admin-0] org.apache.kafka.clients.NetworkClient   : [AdminClient clientId=timeline-admin-0] Node -1 disconnected.
2024-11-11T12:29:47.501+01:00  WARN 36064 --- [timeline] [imeline-admin-0] org.apache.kafka.clients.NetworkClient   : [AdminClient clientId=timeline-admin-0] Connection to node -1 (localhost/127.0.0.1:9092) could not be established. Node may not be available.
2024-11-11T12:29:48.312+01:00  INFO 36064 --- [timeline] [imeline-admin-0] org.apache.kafka.clients.NetworkClient   : [AdminClient clientId=timeline-admin-0] Node -1 disconnected.
2024-11-11T12:29:48.312+01:00  WARN 36064 --- [timeline] [imeline-admin-0] org.apache.kafka.clients.NetworkClient   : [AdminClient clientId=timeline-admin-0] Connection to node -1 (localhost/127.0.0.1:9092) could not be established. Node may not be available.
2024-11-11T12:29:49.325+01:00  INFO 36064 --- [timeline] [imeline-admin-0] org.apache.kafka.clients.NetworkClient   : [AdminClient clientId=timeline-admin-0] Node -1 disconnected.
2024-11-11T12:29:49.327+01:00  WARN 36064 --- [timeline] [imeline-admin-0] org.apache.kafka.clients.NetworkClient   : [AdminClient clientId=timeline-admin-0] Connection to node -1 (localhost/127.0.0.1:9092) could not be established. Node may not be available.
2024-11-11T12:29:50.340+01:00  INFO 36064 --- [timeline] [imeline-admin-0] org.apache.kafka.clients.NetworkClient   : [AdminClient clientId=timeline-admin-0] Node -1 disconnected.
2024-11-11T12:29:50.340+01:00  WARN 36064 --- [timeline] [imeline-admin-0] org.apache.kafka.clients.NetworkClient   : [AdminClient clientId=timeline-admin-0] Connection to node -1 (localhost/127.0.0.1:9092) could not be established. Node may not be available.
2024-11-11T12:29:51.226+01:00  INFO 36064 --- [timeline] [imeline-admin-0] o.a.k.clients.admin.KafkaAdminClient     : [AdminClient clientId=timeline-admin-0] Forcing a hard I/O thread shutdown. Requests in progress will be aborted.
2024-11-11T12:29:51.228+01:00  INFO 36064 --- [timeline] [imeline-admin-0] o.a.kafka.common.utils.AppInfoParser     : App info kafka.admin.client for timeline-admin-0 unregistered
2024-11-11T12:29:51.229+01:00  INFO 36064 --- [timeline] [imeline-admin-0] o.a.k.c.a.i.AdminMetadataManager         : [AdminClient clientId=timeline-admin-0] Metadata update failed

org.apache.kafka.common.errors.TimeoutException: The AdminClient thread has exited. Call: fetchMetadata

2024-11-11T12:29:51.229+01:00  INFO 36064 --- [timeline] [imeline-admin-0] o.a.k.clients.admin.KafkaAdminClient     : [AdminClient clientId=timeline-admin-0] Timed out 2 remaining operation(s) during close.
2024-11-11T12:29:51.232+01:00  INFO 36064 --- [timeline] [imeline-admin-0] o.apache.kafka.common.metrics.Metrics    : Metrics scheduler closed
2024-11-11T12:29:51.233+01:00  INFO 36064 --- [timeline] [imeline-admin-0] o.apache.kafka.common.metrics.Metrics    : Closing reporter org.apache.kafka.common.metrics.JmxReporter
2024-11-11T12:29:51.233+01:00  INFO 36064 --- [timeline] [imeline-admin-0] o.apache.kafka.common.metrics.Metrics    : Metrics reporters closed
2024-11-11T12:29:51.249+01:00  INFO 36064 --- [timeline] [           main] o.a.k.clients.consumer.ConsumerConfig    : ConsumerConfig values: 
	allow.auto.create.topics = true
	auto.commit.interval.ms = 5000
	auto.include.jmx.reporter = true
	auto.offset.reset = latest
	bootstrap.servers = [localhost:9092]
	check.crcs = true
	client.dns.lookup = use_all_dns_ips
	client.id = consumer-timeline-group-dlt-1
	client.rack = 
	connections.max.idle.ms = 540000
	default.api.timeout.ms = 60000
	enable.auto.commit = false
	enable.metrics.push = true
	exclude.internal.topics = true
	fetch.max.bytes = 52428800
	fetch.max.wait.ms = 500
	fetch.min.bytes = 1
	group.id = timeline-group-dlt
	group.instance.id = null
	group.protocol = classic
	group.remote.assignor = null
	heartbeat.interval.ms = 3000
	interceptor.classes = []
	internal.leave.group.on.close = true
	internal.throw.on.fetch.stable.offset.unsupported = false
	isolation.level = read_uncommitted
	key.deserializer = class org.apache.kafka.common.serialization.StringDeserializer
	max.partition.fetch.bytes = 1048576
	max.poll.interval.ms = 300000
	max.poll.records = 500
	metadata.max.age.ms = 300000
	metric.reporters = []
	metrics.num.samples = 2
	metrics.recording.level = INFO
	metrics.sample.window.ms = 30000
	partition.assignment.strategy = [class org.apache.kafka.clients.consumer.RangeAssignor, class org.apache.kafka.clients.consumer.CooperativeStickyAssignor]
	receive.buffer.bytes = 65536
	reconnect.backoff.max.ms = 1000
	reconnect.backoff.ms = 50
	request.timeout.ms = 30000
	retry.backoff.max.ms = 1000
	retry.backoff.ms = 100
	sasl.client.callback.handler.class = null
	sasl.jaas.config = null
	sasl.kerberos.kinit.cmd = /usr/bin/kinit
	sasl.kerberos.min.time.before.relogin = 60000
	sasl.kerberos.service.name = null
	sasl.kerberos.ticket.renew.jitter = 0.05
	sasl.kerberos.ticket.renew.window.factor = 0.8
	sasl.login.callback.handler.class = null
	sasl.login.class = null
	sasl.login.connect.timeout.ms = null
	sasl.login.read.timeout.ms = null
	sasl.login.refresh.buffer.seconds = 300
	sasl.login.refresh.min.period.seconds = 60
	sasl.login.refresh.window.factor = 0.8
	sasl.login.refresh.window.jitter = 0.05
	sasl.login.retry.backoff.max.ms = 10000
	sasl.login.retry.backoff.ms = 100
	sasl.mechanism = GSSAPI
	sasl.oauthbearer.clock.skew.seconds = 30
	sasl.oauthbearer.expected.audience = null
	sasl.oauthbearer.expected.issuer = null
	sasl.oauthbearer.jwks.endpoint.refresh.ms = 3600000
	sasl.oauthbearer.jwks.endpoint.retry.backoff.max.ms = 10000
	sasl.oauthbearer.jwks.endpoint.retry.backoff.ms = 100
	sasl.oauthbearer.jwks.endpoint.url = null
	sasl.oauthbearer.scope.claim.name = scope
	sasl.oauthbearer.sub.claim.name = sub
	sasl.oauthbearer.token.endpoint.url = null
	security.protocol = PLAINTEXT
	security.providers = null
	send.buffer.bytes = 131072
	session.timeout.ms = 45000
	socket.connection.setup.timeout.max.ms = 30000
	socket.connection.setup.timeout.ms = 10000
	ssl.cipher.suites = null
	ssl.enabled.protocols = [TLSv1.2, TLSv1.3]
	ssl.endpoint.identification.algorithm = https
	ssl.engine.factory.class = null
	ssl.key.password = null
	ssl.keymanager.algorithm = SunX509
	ssl.keystore.certificate.chain = null
	ssl.keystore.key = null
	ssl.keystore.location = null
	ssl.keystore.password = null
	ssl.keystore.type = JKS
	ssl.protocol = TLSv1.3
	ssl.provider = null
	ssl.secure.random.implementation = null
	ssl.trustmanager.algorithm = PKIX
	ssl.truststore.certificates = null
	ssl.truststore.location = null
	ssl.truststore.password = null
	ssl.truststore.type = JKS
	value.deserializer = class org.apache.kafka.common.serialization.StringDeserializer

2024-11-11T12:29:51.268+01:00  INFO 36064 --- [timeline] [           main] o.a.k.c.t.i.KafkaMetricsCollector        : initializing Kafka metrics collector
2024-11-11T12:29:51.293+01:00  INFO 36064 --- [timeline] [           main] o.a.kafka.common.utils.AppInfoParser     : Kafka version: 3.7.1
2024-11-11T12:29:51.293+01:00  INFO 36064 --- [timeline] [           main] o.a.kafka.common.utils.AppInfoParser     : Kafka commitId: e2494e6ffb89f828
2024-11-11T12:29:51.293+01:00  INFO 36064 --- [timeline] [           main] o.a.kafka.common.utils.AppInfoParser     : Kafka startTimeMs: 1731324591293
2024-11-11T12:29:51.294+01:00  INFO 36064 --- [timeline] [           main] o.a.k.c.c.internals.LegacyKafkaConsumer  : [Consumer clientId=consumer-timeline-group-dlt-1, groupId=timeline-group-dlt] Subscribed to topic(s): AUTH-dlt
2024-11-11T12:29:51.297+01:00  INFO 36064 --- [timeline] [           main] o.a.k.clients.consumer.ConsumerConfig    : ConsumerConfig values: 
	allow.auto.create.topics = true
	auto.commit.interval.ms = 5000
	auto.include.jmx.reporter = true
	auto.offset.reset = latest
	bootstrap.servers = [localhost:9092]
	check.crcs = true
	client.dns.lookup = use_all_dns_ips
	client.id = consumer-timeline-group-2
	client.rack = 
	connections.max.idle.ms = 540000
	default.api.timeout.ms = 60000
	enable.auto.commit = false
	enable.metrics.push = true
	exclude.internal.topics = true
	fetch.max.bytes = 52428800
	fetch.max.wait.ms = 500
	fetch.min.bytes = 1
	group.id = timeline-group
	group.instance.id = null
	group.protocol = classic
	group.remote.assignor = null
	heartbeat.interval.ms = 3000
	interceptor.classes = []
	internal.leave.group.on.close = true
	internal.throw.on.fetch.stable.offset.unsupported = false
	isolation.level = read_uncommitted
	key.deserializer = class org.apache.kafka.common.serialization.StringDeserializer
	max.partition.fetch.bytes = 1048576
	max.poll.interval.ms = 300000
	max.poll.records = 500
	metadata.max.age.ms = 300000
	metric.reporters = []
	metrics.num.samples = 2
	metrics.recording.level = INFO
	metrics.sample.window.ms = 30000
	partition.assignment.strategy = [class org.apache.kafka.clients.consumer.RangeAssignor, class org.apache.kafka.clients.consumer.CooperativeStickyAssignor]
	receive.buffer.bytes = 65536
	reconnect.backoff.max.ms = 1000
	reconnect.backoff.ms = 50
	request.timeout.ms = 30000
	retry.backoff.max.ms = 1000
	retry.backoff.ms = 100
	sasl.client.callback.handler.class = null
	sasl.jaas.config = null
	sasl.kerberos.kinit.cmd = /usr/bin/kinit
	sasl.kerberos.min.time.before.relogin = 60000
	sasl.kerberos.service.name = null
	sasl.kerberos.ticket.renew.jitter = 0.05
	sasl.kerberos.ticket.renew.window.factor = 0.8
	sasl.login.callback.handler.class = null
	sasl.login.class = null
	sasl.login.connect.timeout.ms = null
	sasl.login.read.timeout.ms = null
	sasl.login.refresh.buffer.seconds = 300
	sasl.login.refresh.min.period.seconds = 60
	sasl.login.refresh.window.factor = 0.8
	sasl.login.refresh.window.jitter = 0.05
	sasl.login.retry.backoff.max.ms = 10000
	sasl.login.retry.backoff.ms = 100
	sasl.mechanism = GSSAPI
	sasl.oauthbearer.clock.skew.seconds = 30
	sasl.oauthbearer.expected.audience = null
	sasl.oauthbearer.expected.issuer = null
	sasl.oauthbearer.jwks.endpoint.refresh.ms = 3600000
	sasl.oauthbearer.jwks.endpoint.retry.backoff.max.ms = 10000
	sasl.oauthbearer.jwks.endpoint.retry.backoff.ms = 100
	sasl.oauthbearer.jwks.endpoint.url = null
	sasl.oauthbearer.scope.claim.name = scope
	sasl.oauthbearer.sub.claim.name = sub
	sasl.oauthbearer.token.endpoint.url = null
	security.protocol = PLAINTEXT
	security.providers = null
	send.buffer.bytes = 131072
	session.timeout.ms = 45000
	socket.connection.setup.timeout.max.ms = 30000
	socket.connection.setup.timeout.ms = 10000
	ssl.cipher.suites = null
	ssl.enabled.protocols = [TLSv1.2, TLSv1.3]
	ssl.endpoint.identification.algorithm = https
	ssl.engine.factory.class = null
	ssl.key.password = null
	ssl.keymanager.algorithm = SunX509
	ssl.keystore.certificate.chain = null
	ssl.keystore.key = null
	ssl.keystore.location = null
	ssl.keystore.password = null
	ssl.keystore.type = JKS
	ssl.protocol = TLSv1.3
	ssl.provider = null
	ssl.secure.random.implementation = null
	ssl.trustmanager.algorithm = PKIX
	ssl.truststore.certificates = null
	ssl.truststore.location = null
	ssl.truststore.password = null
	ssl.truststore.type = JKS
	value.deserializer = class org.apache.kafka.common.serialization.StringDeserializer

2024-11-11T12:29:51.297+01:00  INFO 36064 --- [timeline] [           main] o.a.k.c.t.i.KafkaMetricsCollector        : initializing Kafka metrics collector
2024-11-11T12:29:51.299+01:00  INFO 36064 --- [timeline] [           main] o.a.kafka.common.utils.AppInfoParser     : Kafka version: 3.7.1
2024-11-11T12:29:51.299+01:00  INFO 36064 --- [timeline] [           main] o.a.kafka.common.utils.AppInfoParser     : Kafka commitId: e2494e6ffb89f828
2024-11-11T12:29:51.299+01:00  INFO 36064 --- [timeline] [           main] o.a.kafka.common.utils.AppInfoParser     : Kafka startTimeMs: 1731324591299
2024-11-11T12:29:51.300+01:00  INFO 36064 --- [timeline] [           main] o.a.k.c.c.internals.LegacyKafkaConsumer  : [Consumer clientId=consumer-timeline-group-2, groupId=timeline-group] Subscribed to topic(s): AUTH
2024-11-11T12:29:51.300+01:00  INFO 36064 --- [timeline] [           main] o.a.k.clients.consumer.ConsumerConfig    : ConsumerConfig values: 
	allow.auto.create.topics = true
	auto.commit.interval.ms = 5000
	auto.include.jmx.reporter = true
	auto.offset.reset = latest
	bootstrap.servers = [localhost:9092]
	check.crcs = true
	client.dns.lookup = use_all_dns_ips
	client.id = consumer-timeline-group-retry-3
	client.rack = 
	connections.max.idle.ms = 540000
	default.api.timeout.ms = 60000
	enable.auto.commit = false
	enable.metrics.push = true
	exclude.internal.topics = true
	fetch.max.bytes = 52428800
	fetch.max.wait.ms = 500
	fetch.min.bytes = 1
	group.id = timeline-group-retry
	group.instance.id = null
	group.protocol = classic
	group.remote.assignor = null
	heartbeat.interval.ms = 3000
	interceptor.classes = []
	internal.leave.group.on.close = true
	internal.throw.on.fetch.stable.offset.unsupported = false
	isolation.level = read_uncommitted
	key.deserializer = class org.apache.kafka.common.serialization.StringDeserializer
	max.partition.fetch.bytes = 1048576
	max.poll.interval.ms = 300000
	max.poll.records = 500
	metadata.max.age.ms = 300000
	metric.reporters = []
	metrics.num.samples = 2
	metrics.recording.level = INFO
	metrics.sample.window.ms = 30000
	partition.assignment.strategy = [class org.apache.kafka.clients.consumer.RangeAssignor, class org.apache.kafka.clients.consumer.CooperativeStickyAssignor]
	receive.buffer.bytes = 65536
	reconnect.backoff.max.ms = 1000
	reconnect.backoff.ms = 50
	request.timeout.ms = 30000
	retry.backoff.max.ms = 1000
	retry.backoff.ms = 100
	sasl.client.callback.handler.class = null
	sasl.jaas.config = null
	sasl.kerberos.kinit.cmd = /usr/bin/kinit
	sasl.kerberos.min.time.before.relogin = 60000
	sasl.kerberos.service.name = null
	sasl.kerberos.ticket.renew.jitter = 0.05
	sasl.kerberos.ticket.renew.window.factor = 0.8
	sasl.login.callback.handler.class = null
	sasl.login.class = null
	sasl.login.connect.timeout.ms = null
	sasl.login.read.timeout.ms = null
	sasl.login.refresh.buffer.seconds = 300
	sasl.login.refresh.min.period.seconds = 60
	sasl.login.refresh.window.factor = 0.8
	sasl.login.refresh.window.jitter = 0.05
	sasl.login.retry.backoff.max.ms = 10000
	sasl.login.retry.backoff.ms = 100
	sasl.mechanism = GSSAPI
	sasl.oauthbearer.clock.skew.seconds = 30
	sasl.oauthbearer.expected.audience = null
	sasl.oauthbearer.expected.issuer = null
	sasl.oauthbearer.jwks.endpoint.refresh.ms = 3600000
	sasl.oauthbearer.jwks.endpoint.retry.backoff.max.ms = 10000
	sasl.oauthbearer.jwks.endpoint.retry.backoff.ms = 100
	sasl.oauthbearer.jwks.endpoint.url = null
	sasl.oauthbearer.scope.claim.name = scope
	sasl.oauthbearer.sub.claim.name = sub
	sasl.oauthbearer.token.endpoint.url = null
	security.protocol = PLAINTEXT
	security.providers = null
	send.buffer.bytes = 131072
	session.timeout.ms = 45000
	socket.connection.setup.timeout.max.ms = 30000
	socket.connection.setup.timeout.ms = 10000
	ssl.cipher.suites = null
	ssl.enabled.protocols = [TLSv1.2, TLSv1.3]
	ssl.endpoint.identification.algorithm = https
	ssl.engine.factory.class = null
	ssl.key.password = null
	ssl.keymanager.algorithm = SunX509
	ssl.keystore.certificate.chain = null
	ssl.keystore.key = null
	ssl.keystore.location = null
	ssl.keystore.password = null
	ssl.keystore.type = JKS
	ssl.protocol = TLSv1.3
	ssl.provider = null
	ssl.secure.random.implementation = null
	ssl.trustmanager.algorithm = PKIX
	ssl.truststore.certificates = null
	ssl.truststore.location = null
	ssl.truststore.password = null
	ssl.truststore.type = JKS
	value.deserializer = class org.apache.kafka.common.serialization.StringDeserializer

2024-11-11T12:29:51.300+01:00  INFO 36064 --- [timeline] [           main] o.a.k.c.t.i.KafkaMetricsCollector        : initializing Kafka metrics collector
2024-11-11T12:29:51.302+01:00  INFO 36064 --- [timeline] [           main] o.a.kafka.common.utils.AppInfoParser     : Kafka version: 3.7.1
2024-11-11T12:29:51.302+01:00  INFO 36064 --- [timeline] [           main] o.a.kafka.common.utils.AppInfoParser     : Kafka commitId: e2494e6ffb89f828
2024-11-11T12:29:51.302+01:00  INFO 36064 --- [timeline] [           main] o.a.kafka.common.utils.AppInfoParser     : Kafka startTimeMs: 1731324591302
2024-11-11T12:29:51.302+01:00  INFO 36064 --- [timeline] [           main] o.a.k.c.c.internals.LegacyKafkaConsumer  : [Consumer clientId=consumer-timeline-group-retry-3, groupId=timeline-group-retry] Subscribed to topic(s): AUTH-retry
2024-11-11T12:29:51.307+01:00  INFO 36064 --- [timeline] [           main] n.r.m.a.t.TimelineApplicationTests       : Started TimelineApplicationTests in 41.541 seconds (process running for 41.9)
2024-11-11T12:29:51.373+01:00  INFO 36064 --- [timeline] [ner#0-dlt-0-C-1] org.apache.kafka.clients.NetworkClient   : [Consumer clientId=consumer-timeline-group-dlt-1, groupId=timeline-group-dlt] Node -1 disconnected.
2024-11-11T12:29:51.373+01:00  WARN 36064 --- [timeline] [ner#0-dlt-0-C-1] org.apache.kafka.clients.NetworkClient   : [Consumer clientId=consumer-timeline-group-dlt-1, groupId=timeline-group-dlt] Connection to node -1 (localhost/127.0.0.1:9092) could not be established. Node may not be available.
2024-11-11T12:29:51.374+01:00  WARN 36064 --- [timeline] [ner#0-dlt-0-C-1] org.apache.kafka.clients.NetworkClient   : [Consumer clientId=consumer-timeline-group-dlt-1, groupId=timeline-group-dlt] Bootstrap broker localhost:9092 (id: -1 rack: null) disconnected
2024-11-11T12:29:51.374+01:00  INFO 36064 --- [timeline] [r#0-retry-0-C-1] org.apache.kafka.clients.NetworkClient   : [Consumer clientId=consumer-timeline-group-retry-3, groupId=timeline-group-retry] Node -1 disconnected.
2024-11-11T12:29:51.374+01:00  WARN 36064 --- [timeline] [r#0-retry-0-C-1] org.apache.kafka.clients.NetworkClient   : [Consumer clientId=consumer-timeline-group-retry-3, groupId=timeline-group-retry] Connection to node -1 (localhost/127.0.0.1:9092) could not be established. Node may not be available.
2024-11-11T12:29:51.374+01:00  INFO 36064 --- [timeline] [ntainer#0-0-C-1] org.apache.kafka.clients.NetworkClient   : [Consumer clientId=consumer-timeline-group-2, groupId=timeline-group] Node -1 disconnected.
2024-11-11T12:29:51.374+01:00  WARN 36064 --- [timeline] [r#0-retry-0-C-1] org.apache.kafka.clients.NetworkClient   : [Consumer clientId=consumer-timeline-group-retry-3, groupId=timeline-group-retry] Bootstrap broker localhost:9092 (id: -1 rack: null) disconnected
2024-11-11T12:29:51.374+01:00  WARN 36064 --- [timeline] [ntainer#0-0-C-1] org.apache.kafka.clients.NetworkClient   : [Consumer clientId=consumer-timeline-group-2, groupId=timeline-group] Connection to node -1 (localhost/127.0.0.1:9092) could not be established. Node may not be available.
2024-11-11T12:29:51.374+01:00  WARN 36064 --- [timeline] [ntainer#0-0-C-1] org.apache.kafka.clients.NetworkClient   : [Consumer clientId=consumer-timeline-group-2, groupId=timeline-group] Bootstrap broker localhost:9092 (id: -1 rack: null) disconnected
2024-11-11T12:29:51.466+01:00  INFO 36064 --- [timeline] [r#0-retry-0-C-1] org.apache.kafka.clients.NetworkClient   : [Consumer clientId=consumer-timeline-group-retry-3, groupId=timeline-group-retry] Node -1 disconnected.
2024-11-11T12:29:51.466+01:00  WARN 36064 --- [timeline] [r#0-retry-0-C-1] org.apache.kafka.clients.NetworkClient   : [Consumer clientId=consumer-timeline-group-retry-3, groupId=timeline-group-retry] Connection to node -1 (localhost/127.0.0.1:9092) could not be established. Node may not be available.
2024-11-11T12:29:51.466+01:00  WARN 36064 --- [timeline] [r#0-retry-0-C-1] org.apache.kafka.clients.NetworkClient   : [Consumer clientId=consumer-timeline-group-retry-3, groupId=timeline-group-retry] Bootstrap broker localhost:9092 (id: -1 rack: null) disconnected
2024-11-11T12:29:51.478+01:00  INFO 36064 --- [timeline] [ntainer#0-0-C-1] org.apache.kafka.clients.NetworkClient   : [Consumer clientId=consumer-timeline-group-2, groupId=timeline-group] Node -1 disconnected.
2024-11-11T12:29:51.478+01:00  WARN 36064 --- [timeline] [ntainer#0-0-C-1] org.apache.kafka.clients.NetworkClient   : [Consumer clientId=consumer-timeline-group-2, groupId=timeline-group] Connection to node -1 (localhost/127.0.0.1:9092) could not be established. Node may not be available.
2024-11-11T12:29:51.478+01:00  WARN 36064 --- [timeline] [ntainer#0-0-C-1] org.apache.kafka.clients.NetworkClient   : [Consumer clientId=consumer-timeline-group-2, groupId=timeline-group] Bootstrap broker localhost:9092 (id: -1 rack: null) disconnected
2024-11-11T12:29:51.498+01:00  INFO 36064 --- [timeline] [ner#0-dlt-0-C-1] org.apache.kafka.clients.NetworkClient   : [Consumer clientId=consumer-timeline-group-dlt-1, groupId=timeline-group-dlt] Node -1 disconnected.
2024-11-11T12:29:51.498+01:00  WARN 36064 --- [timeline] [ner#0-dlt-0-C-1] org.apache.kafka.clients.NetworkClient   : [Consumer clientId=consumer-timeline-group-dlt-1, groupId=timeline-group-dlt] Connection to node -1 (localhost/127.0.0.1:9092) could not be established. Node may not be available.
2024-11-11T12:29:51.498+01:00  WARN 36064 --- [timeline] [ner#0-dlt-0-C-1] org.apache.kafka.clients.NetworkClient   : [Consumer clientId=consumer-timeline-group-dlt-1, groupId=timeline-group-dlt] Bootstrap broker localhost:9092 (id: -1 rack: null) disconnected
2024-11-11T12:29:51.580+01:00  INFO 36064 --- [timeline] [ntainer#0-0-C-1] org.apache.kafka.clients.NetworkClient   : [Consumer clientId=consumer-timeline-group-2, groupId=timeline-group] Node -1 disconnected.
2024-11-11T12:29:51.580+01:00  WARN 36064 --- [timeline] [ntainer#0-0-C-1] org.apache.kafka.clients.NetworkClient   : [Consumer clientId=consumer-timeline-group-2, groupId=timeline-group] Connection to node -1 (localhost/127.0.0.1:9092) could not be established. Node may not be available.
2024-11-11T12:29:51.580+01:00  WARN 36064 --- [timeline] [ntainer#0-0-C-1] org.apache.kafka.clients.NetworkClient   : [Consumer clientId=consumer-timeline-group-2, groupId=timeline-group] Bootstrap broker localhost:9092 (id: -1 rack: null) disconnected
]]></system-out>
    <system-err><![CDATA[Nov 11, 2024 12:29:09 PM org.junit.platform.launcher.core.LauncherConfigurationParameters loadClasspathResource
WARNING: Discovered 2 'junit-platform.properties' configuration files in the classpath; only the first will be used.
Nov 11, 2024 12:29:09 PM org.junit.platform.launcher.core.LauncherConfigurationParameters loadClasspathResource
WARNING: Discovered 2 'junit-platform.properties' configuration files in the classpath; only the first will be used.
Nov 11, 2024 12:29:09 PM org.junit.platform.launcher.core.LauncherConfigurationParameters loadClasspathResource
WARNING: Discovered 2 'junit-platform.properties' configuration files in the classpath; only the first will be used.
Nov 11, 2024 12:29:09 PM org.junit.platform.launcher.core.LauncherConfigurationParameters loadClasspathResource
WARNING: Discovered 2 'junit-platform.properties' configuration files in the classpath; only the first will be used.
Nov 11, 2024 12:29:09 PM org.junit.platform.launcher.core.LauncherConfigurationParameters loadClasspathResource
WARNING: Discovered 2 'junit-platform.properties' configuration files in the classpath; only the first will be used.
Nov 11, 2024 12:29:09 PM org.junit.platform.launcher.core.LauncherConfigurationParameters loadClasspathResource
WARNING: Discovered 2 'junit-platform.properties' configuration files in the classpath; only the first will be used.
Nov 11, 2024 12:29:09 PM org.junit.platform.launcher.core.LauncherConfigurationParameters loadClasspathResource
WARNING: Discovered 2 'junit-platform.properties' configuration files in the classpath; only the first will be used.
Nov 11, 2024 12:29:09 PM org.junit.platform.launcher.core.LauncherConfigurationParameters loadClasspathResource
WARNING: Discovered 2 'junit-platform.properties' configuration files in the classpath; only the first will be used.
WARNING: A Java agent has been loaded dynamically (/Users/mithunramkumararumugam/.m2/repository/net/bytebuddy/byte-buddy-agent/1.14.19/byte-buddy-agent-1.14.19.jar)
WARNING: If a serviceability tool is in use, please run with -XX:+EnableDynamicAgentLoading to hide this warning
WARNING: If a serviceability tool is not in use, please run with -Djdk.instrument.traceUsage for more information
WARNING: Dynamic loading of agents will be disallowed by default in a future release
]]></system-err>
  </testcase>
</testsuite>