<?xml version="1.0" encoding="UTF-8"?>
<testsuite xmlns:xsi="http://www.w3.org/2001/XMLSchema-instance" xsi:noNamespaceSchemaLocation="https://maven.apache.org/surefire/maven-surefire-plugin/xsd/surefire-test-report-3.0.xsd" version="3.0" name="nl.rabobank.mithun.assessment.authentication.AuthenticationApplicationTests" time="41.518" tests="1" errors="0" skipped="0" failures="0">
  <properties>
[...]
</properties>
  <testcase name="contextLoads" classname="nl.rabobank.mithun.assessment.authentication.AuthenticationApplicationTests" time="0.005">
    <system-out><![CDATA[12:30:10.904 [main] INFO org.springframework.test.context.support.AnnotationConfigContextLoaderUtils -- Could not detect default configuration classes for test class [nl.rabobank.mithun.assessment.authentication.AuthenticationApplicationTests]: AuthenticationApplicationTests does not declare any static, non-private, non-final, nested classes annotated with @Configuration.
12:30:10.936 [main] INFO org.springframework.boot.test.context.SpringBootTestContextBootstrapper -- Found @SpringBootConfiguration nl.rabobank.mithun.assessment.authentication.AuthenticationApplication for test class nl.rabobank.mithun.assessment.authentication.AuthenticationApplicationTests

  .   ____          _            __ _ _
 /\\ / ___'_ __ _ _(_)_ __  __ _ \ \ \ \
( ( )\___ | '_ | '_| | '_ \/ _` | \ \ \ \
 \\/  ___)| |_)| | | | | || (_| |  ) ) ) )
  '  |____| .__|_| |_|_| |_\__, | / / / /
 =========|_|==============|___/=/_/_/_/

 :: Spring Boot ::                (v3.3.5)

2024-11-11T12:30:11.068+01:00  INFO 36088 --- [authentication-service] [           main] n.r.m.a.a.AuthenticationApplicationTests : Starting AuthenticationApplicationTests using Java 21.0.4 with PID 36088 (started by mithunramkumararumugam in /Users/mithunramkumararumugam/Documents/Mithun/Rabo/authentication)
2024-11-11T12:30:11.069+01:00  INFO 36088 --- [authentication-service] [           main] n.r.m.a.a.AuthenticationApplicationTests : No active profile set, falling back to 1 default profile: "default"
2024-11-11T12:30:11.253+01:00  INFO 36088 --- [authentication-service] [           main] .s.d.r.c.RepositoryConfigurationDelegate : Bootstrapping Spring Data JPA repositories in DEFAULT mode.
2024-11-11T12:30:11.272+01:00  INFO 36088 --- [authentication-service] [           main] .s.d.r.c.RepositoryConfigurationDelegate : Finished Spring Data repository scanning in 17 ms. Found 1 JPA repository interface.
2024-11-11T12:30:11.424+01:00  INFO 36088 --- [authentication-service] [           main] com.zaxxer.hikari.HikariDataSource       : HikariPool-1 - Starting...
2024-11-11T12:30:11.483+01:00  INFO 36088 --- [authentication-service] [           main] com.zaxxer.hikari.pool.HikariPool        : HikariPool-1 - Added connection conn0: url=jdbc:h2:mem:mydb user=SA
2024-11-11T12:30:11.484+01:00  INFO 36088 --- [authentication-service] [           main] com.zaxxer.hikari.HikariDataSource       : HikariPool-1 - Start completed.
2024-11-11T12:30:11.498+01:00  INFO 36088 --- [authentication-service] [           main] o.hibernate.jpa.internal.util.LogHelper  : HHH000204: Processing PersistenceUnitInfo [name: default]
2024-11-11T12:30:11.514+01:00  INFO 36088 --- [authentication-service] [           main] org.hibernate.Version                    : HHH000412: Hibernate ORM core version 6.5.3.Final
2024-11-11T12:30:11.525+01:00  INFO 36088 --- [authentication-service] [           main] o.h.c.internal.RegionFactoryInitiator    : HHH000026: Second-level cache disabled
2024-11-11T12:30:11.561+01:00  INFO 36088 --- [authentication-service] [           main] o.s.o.j.p.SpringPersistenceUnitInfo      : No LoadTimeWeaver setup: ignoring JPA class transformer
2024-11-11T12:30:11.582+01:00  WARN 36088 --- [authentication-service] [           main] org.hibernate.orm.deprecation            : HHH90000025: H2Dialect does not need to be specified explicitly using 'hibernate.dialect' (remove the property setting and it will be selected by default)
2024-11-11T12:30:11.905+01:00  INFO 36088 --- [authentication-service] [           main] o.h.e.t.j.p.i.JtaPlatformInitiator       : HHH000489: No JTA platform available (set 'hibernate.transaction.jta.platform' to enable JTA platform integration)
2024-11-11T12:30:11.916+01:00  INFO 36088 --- [authentication-service] [           main] j.LocalContainerEntityManagerFactoryBean : Initialized JPA EntityManagerFactory for persistence unit 'default'
2024-11-11T12:30:11.989+01:00  INFO 36088 --- [authentication-service] [           main] o.s.d.j.r.query.QueryEnhancerFactory     : Hibernate is in classpath; If applicable, HQL parser will be used.
2024-11-11T12:30:12.081+01:00  WARN 36088 --- [authentication-service] [           main] JpaBaseConfiguration$JpaWebConfiguration : spring.jpa.open-in-view is enabled by default. Therefore, database queries may be performed during view rendering. Explicitly configure spring.jpa.open-in-view to disable this warning
2024-11-11T12:30:12.175+01:00  INFO 36088 --- [authentication-service] [           main] o.s.b.a.h2.H2ConsoleAutoConfiguration    : H2 console available at '/h2-console'. Database available at 'jdbc:h2:mem:mydb'
2024-11-11T12:30:12.214+01:00  INFO 36088 --- [authentication-service] [           main] o.a.k.clients.admin.AdminClientConfig    : AdminClientConfig values: 
	auto.include.jmx.reporter = true
	bootstrap.controllers = []
	bootstrap.servers = [localhost:9092]
	client.dns.lookup = use_all_dns_ips
	client.id = authentication-service-admin-0
	connections.max.idle.ms = 300000
	default.api.timeout.ms = 60000
	enable.metrics.push = true
	metadata.max.age.ms = 300000
	metric.reporters = []
	metrics.num.samples = 2
	metrics.recording.level = INFO
	metrics.sample.window.ms = 30000
	receive.buffer.bytes = 65536
	reconnect.backoff.max.ms = 1000
	reconnect.backoff.ms = 50
	request.timeout.ms = 30000
	retries = 2147483647
	retry.backoff.max.ms = 1000
	retry.backoff.ms = 100
	sasl.client.callback.handler.class = null
	sasl.jaas.config = null
	sasl.kerberos.kinit.cmd = /usr/bin/kinit
	sasl.kerberos.min.time.before.relogin = 60000
	sasl.kerberos.service.name = null
	sasl.kerberos.ticket.renew.jitter = 0.05
	sasl.kerberos.ticket.renew.window.factor = 0.8
	sasl.login.callback.handler.class = null
	sasl.login.class = null
	sasl.login.connect.timeout.ms = null
	sasl.login.read.timeout.ms = null
	sasl.login.refresh.buffer.seconds = 300
	sasl.login.refresh.min.period.seconds = 60
	sasl.login.refresh.window.factor = 0.8
	sasl.login.refresh.window.jitter = 0.05
	sasl.login.retry.backoff.max.ms = 10000
	sasl.login.retry.backoff.ms = 100
	sasl.mechanism = GSSAPI
	sasl.oauthbearer.clock.skew.seconds = 30
	sasl.oauthbearer.expected.audience = null
	sasl.oauthbearer.expected.issuer = null
	sasl.oauthbearer.jwks.endpoint.refresh.ms = 3600000
	sasl.oauthbearer.jwks.endpoint.retry.backoff.max.ms = 10000
	sasl.oauthbearer.jwks.endpoint.retry.backoff.ms = 100
	sasl.oauthbearer.jwks.endpoint.url = null
	sasl.oauthbearer.scope.claim.name = scope
	sasl.oauthbearer.sub.claim.name = sub
	sasl.oauthbearer.token.endpoint.url = null
	security.protocol = PLAINTEXT
	security.providers = null
	send.buffer.bytes = 131072
	socket.connection.setup.timeout.max.ms = 30000
	socket.connection.setup.timeout.ms = 10000
	ssl.cipher.suites = null
	ssl.enabled.protocols = [TLSv1.2, TLSv1.3]
	ssl.endpoint.identification.algorithm = https
	ssl.engine.factory.class = null
	ssl.key.password = null
	ssl.keymanager.algorithm = SunX509
	ssl.keystore.certificate.chain = null
	ssl.keystore.key = null
	ssl.keystore.location = null
	ssl.keystore.password = null
	ssl.keystore.type = JKS
	ssl.protocol = TLSv1.3
	ssl.provider = null
	ssl.secure.random.implementation = null
	ssl.trustmanager.algorithm = PKIX
	ssl.truststore.certificates = null
	ssl.truststore.location = null
	ssl.truststore.password = null
	ssl.truststore.type = JKS

2024-11-11T12:30:12.273+01:00  INFO 36088 --- [authentication-service] [           main] o.a.kafka.common.utils.AppInfoParser     : Kafka version: 3.7.1
2024-11-11T12:30:12.273+01:00  INFO 36088 --- [authentication-service] [           main] o.a.kafka.common.utils.AppInfoParser     : Kafka commitId: e2494e6ffb89f828
2024-11-11T12:30:12.273+01:00  INFO 36088 --- [authentication-service] [           main] o.a.kafka.common.utils.AppInfoParser     : Kafka startTimeMs: 1731324612273
2024-11-11T12:30:12.285+01:00  INFO 36088 --- [authentication-service] [service-admin-0] org.apache.kafka.clients.NetworkClient   : [AdminClient clientId=authentication-service-admin-0] Node -1 disconnected.
2024-11-11T12:30:12.285+01:00  WARN 36088 --- [authentication-service] [service-admin-0] org.apache.kafka.clients.NetworkClient   : [AdminClient clientId=authentication-service-admin-0] Connection to node -1 (localhost/127.0.0.1:9092) could not be established. Node may not be available.
2024-11-11T12:30:12.388+01:00  INFO 36088 --- [authentication-service] [service-admin-0] org.apache.kafka.clients.NetworkClient   : [AdminClient clientId=authentication-service-admin-0] Node -1 disconnected.
2024-11-11T12:30:12.388+01:00  WARN 36088 --- [authentication-service] [service-admin-0] org.apache.kafka.clients.NetworkClient   : [AdminClient clientId=authentication-service-admin-0] Connection to node -1 (localhost/127.0.0.1:9092) could not be established. Node may not be available.
2024-11-11T12:30:12.489+01:00  INFO 36088 --- [authentication-service] [service-admin-0] org.apache.kafka.clients.NetworkClient   : [AdminClient clientId=authentication-service-admin-0] Node -1 disconnected.
2024-11-11T12:30:12.489+01:00  WARN 36088 --- [authentication-service] [service-admin-0] org.apache.kafka.clients.NetworkClient   : [AdminClient clientId=authentication-service-admin-0] Connection to node -1 (localhost/127.0.0.1:9092) could not be established. Node may not be available.
2024-11-11T12:30:12.794+01:00  INFO 36088 --- [authentication-service] [service-admin-0] org.apache.kafka.clients.NetworkClient   : [AdminClient clientId=authentication-service-admin-0] Node -1 disconnected.
2024-11-11T12:30:12.794+01:00  WARN 36088 --- [authentication-service] [service-admin-0] org.apache.kafka.clients.NetworkClient   : [AdminClient clientId=authentication-service-admin-0] Connection to node -1 (localhost/127.0.0.1:9092) could not be established. Node may not be available.
2024-11-11T12:30:13.303+01:00  INFO 36088 --- [authentication-service] [service-admin-0] org.apache.kafka.clients.NetworkClient   : [AdminClient clientId=authentication-service-admin-0] Node -1 disconnected.
2024-11-11T12:30:13.304+01:00  WARN 36088 --- [authentication-service] [service-admin-0] org.apache.kafka.clients.NetworkClient   : [AdminClient clientId=authentication-service-admin-0] Connection to node -1 (localhost/127.0.0.1:9092) could not be established. Node may not be available.
2024-11-11T12:30:14.015+01:00  INFO 36088 --- [authentication-service] [service-admin-0] org.apache.kafka.clients.NetworkClient   : [AdminClient clientId=authentication-service-admin-0] Node -1 disconnected.
2024-11-11T12:30:14.016+01:00  WARN 36088 --- [authentication-service] [service-admin-0] org.apache.kafka.clients.NetworkClient   : [AdminClient clientId=authentication-service-admin-0] Connection to node -1 (localhost/127.0.0.1:9092) could not be established. Node may not be available.
2024-11-11T12:30:14.929+01:00  INFO 36088 --- [authentication-service] [service-admin-0] org.apache.kafka.clients.NetworkClient   : [AdminClient clientId=authentication-service-admin-0] Node -1 disconnected.
2024-11-11T12:30:14.929+01:00  WARN 36088 --- [authentication-service] [service-admin-0] org.apache.kafka.clients.NetworkClient   : [AdminClient clientId=authentication-service-admin-0] Connection to node -1 (localhost/127.0.0.1:9092) could not be established. Node may not be available.
2024-11-11T12:30:15.943+01:00  INFO 36088 --- [authentication-service] [service-admin-0] org.apache.kafka.clients.NetworkClient   : [AdminClient clientId=authentication-service-admin-0] Node -1 disconnected.
2024-11-11T12:30:15.944+01:00  WARN 36088 --- [authentication-service] [service-admin-0] org.apache.kafka.clients.NetworkClient   : [AdminClient clientId=authentication-service-admin-0] Connection to node -1 (localhost/127.0.0.1:9092) could not be established. Node may not be available.
2024-11-11T12:30:16.957+01:00  INFO 36088 --- [authentication-service] [service-admin-0] org.apache.kafka.clients.NetworkClient   : [AdminClient clientId=authentication-service-admin-0] Node -1 disconnected.
2024-11-11T12:30:16.958+01:00  WARN 36088 --- [authentication-service] [service-admin-0] org.apache.kafka.clients.NetworkClient   : [AdminClient clientId=authentication-service-admin-0] Connection to node -1 (localhost/127.0.0.1:9092) could not be established. Node may not be available.
2024-11-11T12:30:17.970+01:00  INFO 36088 --- [authentication-service] [service-admin-0] org.apache.kafka.clients.NetworkClient   : [AdminClient clientId=authentication-service-admin-0] Node -1 disconnected.
2024-11-11T12:30:17.971+01:00  WARN 36088 --- [authentication-service] [service-admin-0] org.apache.kafka.clients.NetworkClient   : [AdminClient clientId=authentication-service-admin-0] Connection to node -1 (localhost/127.0.0.1:9092) could not be established. Node may not be available.
2024-11-11T12:30:18.983+01:00  INFO 36088 --- [authentication-service] [service-admin-0] org.apache.kafka.clients.NetworkClient   : [AdminClient clientId=authentication-service-admin-0] Node -1 disconnected.
2024-11-11T12:30:18.983+01:00  WARN 36088 --- [authentication-service] [service-admin-0] org.apache.kafka.clients.NetworkClient   : [AdminClient clientId=authentication-service-admin-0] Connection to node -1 (localhost/127.0.0.1:9092) could not be established. Node may not be available.
2024-11-11T12:30:19.996+01:00  INFO 36088 --- [authentication-service] [service-admin-0] org.apache.kafka.clients.NetworkClient   : [AdminClient clientId=authentication-service-admin-0] Node -1 disconnected.
2024-11-11T12:30:19.996+01:00  WARN 36088 --- [authentication-service] [service-admin-0] org.apache.kafka.clients.NetworkClient   : [AdminClient clientId=authentication-service-admin-0] Connection to node -1 (localhost/127.0.0.1:9092) could not be established. Node may not be available.
2024-11-11T12:30:21.010+01:00  INFO 36088 --- [authentication-service] [service-admin-0] org.apache.kafka.clients.NetworkClient   : [AdminClient clientId=authentication-service-admin-0] Node -1 disconnected.
2024-11-11T12:30:21.010+01:00  WARN 36088 --- [authentication-service] [service-admin-0] org.apache.kafka.clients.NetworkClient   : [AdminClient clientId=authentication-service-admin-0] Connection to node -1 (localhost/127.0.0.1:9092) could not be established. Node may not be available.
2024-11-11T12:30:21.924+01:00  INFO 36088 --- [authentication-service] [service-admin-0] org.apache.kafka.clients.NetworkClient   : [AdminClient clientId=authentication-service-admin-0] Node -1 disconnected.
2024-11-11T12:30:21.925+01:00  WARN 36088 --- [authentication-service] [service-admin-0] org.apache.kafka.clients.NetworkClient   : [AdminClient clientId=authentication-service-admin-0] Connection to node -1 (localhost/127.0.0.1:9092) could not be established. Node may not be available.
2024-11-11T12:30:22.938+01:00  INFO 36088 --- [authentication-service] [service-admin-0] org.apache.kafka.clients.NetworkClient   : [AdminClient clientId=authentication-service-admin-0] Node -1 disconnected.
2024-11-11T12:30:22.938+01:00  WARN 36088 --- [authentication-service] [service-admin-0] org.apache.kafka.clients.NetworkClient   : [AdminClient clientId=authentication-service-admin-0] Connection to node -1 (localhost/127.0.0.1:9092) could not be established. Node may not be available.
2024-11-11T12:30:23.951+01:00  INFO 36088 --- [authentication-service] [service-admin-0] org.apache.kafka.clients.NetworkClient   : [AdminClient clientId=authentication-service-admin-0] Node -1 disconnected.
2024-11-11T12:30:23.952+01:00  WARN 36088 --- [authentication-service] [service-admin-0] org.apache.kafka.clients.NetworkClient   : [AdminClient clientId=authentication-service-admin-0] Connection to node -1 (localhost/127.0.0.1:9092) could not be established. Node may not be available.
2024-11-11T12:30:24.964+01:00  INFO 36088 --- [authentication-service] [service-admin-0] org.apache.kafka.clients.NetworkClient   : [AdminClient clientId=authentication-service-admin-0] Node -1 disconnected.
2024-11-11T12:30:24.964+01:00  WARN 36088 --- [authentication-service] [service-admin-0] org.apache.kafka.clients.NetworkClient   : [AdminClient clientId=authentication-service-admin-0] Connection to node -1 (localhost/127.0.0.1:9092) could not be established. Node may not be available.
2024-11-11T12:30:25.978+01:00  INFO 36088 --- [authentication-service] [service-admin-0] org.apache.kafka.clients.NetworkClient   : [AdminClient clientId=authentication-service-admin-0] Node -1 disconnected.
2024-11-11T12:30:25.979+01:00  WARN 36088 --- [authentication-service] [service-admin-0] org.apache.kafka.clients.NetworkClient   : [AdminClient clientId=authentication-service-admin-0] Connection to node -1 (localhost/127.0.0.1:9092) could not be established. Node may not be available.
2024-11-11T12:30:26.995+01:00  INFO 36088 --- [authentication-service] [service-admin-0] org.apache.kafka.clients.NetworkClient   : [AdminClient clientId=authentication-service-admin-0] Node -1 disconnected.
2024-11-11T12:30:26.995+01:00  WARN 36088 --- [authentication-service] [service-admin-0] org.apache.kafka.clients.NetworkClient   : [AdminClient clientId=authentication-service-admin-0] Connection to node -1 (localhost/127.0.0.1:9092) could not be established. Node may not be available.
2024-11-11T12:30:27.908+01:00  INFO 36088 --- [authentication-service] [service-admin-0] org.apache.kafka.clients.NetworkClient   : [AdminClient clientId=authentication-service-admin-0] Node -1 disconnected.
2024-11-11T12:30:27.908+01:00  WARN 36088 --- [authentication-service] [service-admin-0] org.apache.kafka.clients.NetworkClient   : [AdminClient clientId=authentication-service-admin-0] Connection to node -1 (localhost/127.0.0.1:9092) could not be established. Node may not be available.
2024-11-11T12:30:28.922+01:00  INFO 36088 --- [authentication-service] [service-admin-0] org.apache.kafka.clients.NetworkClient   : [AdminClient clientId=authentication-service-admin-0] Node -1 disconnected.
2024-11-11T12:30:28.923+01:00  WARN 36088 --- [authentication-service] [service-admin-0] org.apache.kafka.clients.NetworkClient   : [AdminClient clientId=authentication-service-admin-0] Connection to node -1 (localhost/127.0.0.1:9092) could not be established. Node may not be available.
2024-11-11T12:30:29.936+01:00  INFO 36088 --- [authentication-service] [service-admin-0] org.apache.kafka.clients.NetworkClient   : [AdminClient clientId=authentication-service-admin-0] Node -1 disconnected.
2024-11-11T12:30:29.936+01:00  WARN 36088 --- [authentication-service] [service-admin-0] org.apache.kafka.clients.NetworkClient   : [AdminClient clientId=authentication-service-admin-0] Connection to node -1 (localhost/127.0.0.1:9092) could not be established. Node may not be available.
2024-11-11T12:30:30.947+01:00  INFO 36088 --- [authentication-service] [service-admin-0] org.apache.kafka.clients.NetworkClient   : [AdminClient clientId=authentication-service-admin-0] Node -1 disconnected.
2024-11-11T12:30:30.947+01:00  WARN 36088 --- [authentication-service] [service-admin-0] org.apache.kafka.clients.NetworkClient   : [AdminClient clientId=authentication-service-admin-0] Connection to node -1 (localhost/127.0.0.1:9092) could not be established. Node may not be available.
2024-11-11T12:30:31.960+01:00  INFO 36088 --- [authentication-service] [service-admin-0] org.apache.kafka.clients.NetworkClient   : [AdminClient clientId=authentication-service-admin-0] Node -1 disconnected.
2024-11-11T12:30:31.961+01:00  WARN 36088 --- [authentication-service] [service-admin-0] org.apache.kafka.clients.NetworkClient   : [AdminClient clientId=authentication-service-admin-0] Connection to node -1 (localhost/127.0.0.1:9092) could not be established. Node may not be available.
2024-11-11T12:30:32.974+01:00  INFO 36088 --- [authentication-service] [service-admin-0] org.apache.kafka.clients.NetworkClient   : [AdminClient clientId=authentication-service-admin-0] Node -1 disconnected.
2024-11-11T12:30:32.974+01:00  WARN 36088 --- [authentication-service] [service-admin-0] org.apache.kafka.clients.NetworkClient   : [AdminClient clientId=authentication-service-admin-0] Connection to node -1 (localhost/127.0.0.1:9092) could not be established. Node may not be available.
2024-11-11T12:30:33.988+01:00  INFO 36088 --- [authentication-service] [service-admin-0] org.apache.kafka.clients.NetworkClient   : [AdminClient clientId=authentication-service-admin-0] Node -1 disconnected.
2024-11-11T12:30:33.988+01:00  WARN 36088 --- [authentication-service] [service-admin-0] org.apache.kafka.clients.NetworkClient   : [AdminClient clientId=authentication-service-admin-0] Connection to node -1 (localhost/127.0.0.1:9092) could not be established. Node may not be available.
2024-11-11T12:30:35.001+01:00  INFO 36088 --- [authentication-service] [service-admin-0] org.apache.kafka.clients.NetworkClient   : [AdminClient clientId=authentication-service-admin-0] Node -1 disconnected.
2024-11-11T12:30:35.002+01:00  WARN 36088 --- [authentication-service] [service-admin-0] org.apache.kafka.clients.NetworkClient   : [AdminClient clientId=authentication-service-admin-0] Connection to node -1 (localhost/127.0.0.1:9092) could not be established. Node may not be available.
2024-11-11T12:30:35.916+01:00  INFO 36088 --- [authentication-service] [service-admin-0] org.apache.kafka.clients.NetworkClient   : [AdminClient clientId=authentication-service-admin-0] Node -1 disconnected.
2024-11-11T12:30:35.916+01:00  WARN 36088 --- [authentication-service] [service-admin-0] org.apache.kafka.clients.NetworkClient   : [AdminClient clientId=authentication-service-admin-0] Connection to node -1 (localhost/127.0.0.1:9092) could not be established. Node may not be available.
2024-11-11T12:30:36.929+01:00  INFO 36088 --- [authentication-service] [service-admin-0] org.apache.kafka.clients.NetworkClient   : [AdminClient clientId=authentication-service-admin-0] Node -1 disconnected.
2024-11-11T12:30:36.930+01:00  WARN 36088 --- [authentication-service] [service-admin-0] org.apache.kafka.clients.NetworkClient   : [AdminClient clientId=authentication-service-admin-0] Connection to node -1 (localhost/127.0.0.1:9092) could not be established. Node may not be available.
2024-11-11T12:30:37.942+01:00  INFO 36088 --- [authentication-service] [service-admin-0] org.apache.kafka.clients.NetworkClient   : [AdminClient clientId=authentication-service-admin-0] Node -1 disconnected.
2024-11-11T12:30:37.943+01:00  WARN 36088 --- [authentication-service] [service-admin-0] org.apache.kafka.clients.NetworkClient   : [AdminClient clientId=authentication-service-admin-0] Connection to node -1 (localhost/127.0.0.1:9092) could not be established. Node may not be available.
2024-11-11T12:30:38.956+01:00  INFO 36088 --- [authentication-service] [service-admin-0] org.apache.kafka.clients.NetworkClient   : [AdminClient clientId=authentication-service-admin-0] Node -1 disconnected.
2024-11-11T12:30:38.956+01:00  WARN 36088 --- [authentication-service] [service-admin-0] org.apache.kafka.clients.NetworkClient   : [AdminClient clientId=authentication-service-admin-0] Connection to node -1 (localhost/127.0.0.1:9092) could not be established. Node may not be available.
2024-11-11T12:30:39.968+01:00  INFO 36088 --- [authentication-service] [service-admin-0] org.apache.kafka.clients.NetworkClient   : [AdminClient clientId=authentication-service-admin-0] Node -1 disconnected.
2024-11-11T12:30:39.969+01:00  WARN 36088 --- [authentication-service] [service-admin-0] org.apache.kafka.clients.NetworkClient   : [AdminClient clientId=authentication-service-admin-0] Connection to node -1 (localhost/127.0.0.1:9092) could not be established. Node may not be available.
2024-11-11T12:30:40.983+01:00  INFO 36088 --- [authentication-service] [service-admin-0] org.apache.kafka.clients.NetworkClient   : [AdminClient clientId=authentication-service-admin-0] Node -1 disconnected.
2024-11-11T12:30:40.984+01:00  WARN 36088 --- [authentication-service] [service-admin-0] org.apache.kafka.clients.NetworkClient   : [AdminClient clientId=authentication-service-admin-0] Connection to node -1 (localhost/127.0.0.1:9092) could not be established. Node may not be available.
2024-11-11T12:30:41.895+01:00  INFO 36088 --- [authentication-service] [service-admin-0] org.apache.kafka.clients.NetworkClient   : [AdminClient clientId=authentication-service-admin-0] Node -1 disconnected.
2024-11-11T12:30:41.896+01:00  WARN 36088 --- [authentication-service] [service-admin-0] org.apache.kafka.clients.NetworkClient   : [AdminClient clientId=authentication-service-admin-0] Connection to node -1 (localhost/127.0.0.1:9092) could not be established. Node may not be available.
2024-11-11T12:30:42.276+01:00  INFO 36088 --- [authentication-service] [service-admin-0] o.a.k.c.a.i.AdminMetadataManager         : [AdminClient clientId=authentication-service-admin-0] Metadata update failed

org.apache.kafka.common.errors.TimeoutException: Timed out waiting for a node assignment. Call: fetchMetadata

2024-11-11T12:30:42.281+01:00 ERROR 36088 --- [authentication-service] [           main] o.springframework.kafka.core.KafkaAdmin  : Could not configure topics

org.springframework.kafka.KafkaException: Timed out waiting to get existing topics
	at org.springframework.kafka.core.KafkaAdmin.lambda$checkPartitions$13(KafkaAdmin.java:550) ~[spring-kafka-3.2.4.jar:3.2.4]
	at java.base/java.util.HashMap.forEach(HashMap.java:1429) ~[na:na]
	at org.springframework.kafka.core.KafkaAdmin.checkPartitions(KafkaAdmin.java:529) ~[spring-kafka-3.2.4.jar:3.2.4]
	at org.springframework.kafka.core.KafkaAdmin.addOrModifyTopicsIfNeeded(KafkaAdmin.java:422) ~[spring-kafka-3.2.4.jar:3.2.4]
	at org.springframework.kafka.core.KafkaAdmin.initialize(KafkaAdmin.java:274) ~[spring-kafka-3.2.4.jar:3.2.4]
	at org.springframework.kafka.core.KafkaAdmin.afterSingletonsInstantiated(KafkaAdmin.java:238) ~[spring-kafka-3.2.4.jar:3.2.4]
	at org.springframework.beans.factory.support.DefaultListableBeanFactory.preInstantiateSingletons(DefaultListableBeanFactory.java:986) ~[spring-beans-6.1.14.jar:6.1.14]
	at org.springframework.context.support.AbstractApplicationContext.finishBeanFactoryInitialization(AbstractApplicationContext.java:971) ~[spring-context-6.1.14.jar:6.1.14]
	at org.springframework.context.support.AbstractApplicationContext.refresh(AbstractApplicationContext.java:625) ~[spring-context-6.1.14.jar:6.1.14]
	at org.springframework.boot.SpringApplication.refresh(SpringApplication.java:754) ~[spring-boot-3.3.5.jar:3.3.5]
	at org.springframework.boot.SpringApplication.refreshContext(SpringApplication.java:456) ~[spring-boot-3.3.5.jar:3.3.5]
	at org.springframework.boot.SpringApplication.run(SpringApplication.java:335) ~[spring-boot-3.3.5.jar:3.3.5]
	at org.springframework.boot.test.context.SpringBootContextLoader.lambda$loadContext$3(SpringBootContextLoader.java:137) ~[spring-boot-test-3.3.5.jar:3.3.5]
	at org.springframework.util.function.ThrowingSupplier.get(ThrowingSupplier.java:58) ~[spring-core-6.1.14.jar:6.1.14]
	at org.springframework.util.function.ThrowingSupplier.get(ThrowingSupplier.java:46) ~[spring-core-6.1.14.jar:6.1.14]
	at org.springframework.boot.SpringApplication.withHook(SpringApplication.java:1463) ~[spring-boot-3.3.5.jar:3.3.5]
	at org.springframework.boot.test.context.SpringBootContextLoader$ContextLoaderHook.run(SpringBootContextLoader.java:553) ~[spring-boot-test-3.3.5.jar:3.3.5]
	at org.springframework.boot.test.context.SpringBootContextLoader.loadContext(SpringBootContextLoader.java:137) ~[spring-boot-test-3.3.5.jar:3.3.5]
	at org.springframework.boot.test.context.SpringBootContextLoader.loadContext(SpringBootContextLoader.java:108) ~[spring-boot-test-3.3.5.jar:3.3.5]
	at org.springframework.test.context.cache.DefaultCacheAwareContextLoaderDelegate.loadContextInternal(DefaultCacheAwareContextLoaderDelegate.java:225) ~[spring-test-6.1.14.jar:6.1.14]
	at org.springframework.test.context.cache.DefaultCacheAwareContextLoaderDelegate.loadContext(DefaultCacheAwareContextLoaderDelegate.java:152) ~[spring-test-6.1.14.jar:6.1.14]
	at org.springframework.test.context.support.DefaultTestContext.getApplicationContext(DefaultTestContext.java:130) ~[spring-test-6.1.14.jar:6.1.14]
	at org.springframework.test.context.web.ServletTestExecutionListener.setUpRequestContextIfNecessary(ServletTestExecutionListener.java:191) ~[spring-test-6.1.14.jar:6.1.14]
	at org.springframework.test.context.web.ServletTestExecutionListener.prepareTestInstance(ServletTestExecutionListener.java:130) ~[spring-test-6.1.14.jar:6.1.14]
	at org.springframework.test.context.TestContextManager.prepareTestInstance(TestContextManager.java:260) ~[spring-test-6.1.14.jar:6.1.14]
	at org.springframework.test.context.junit.jupiter.SpringExtension.postProcessTestInstance(SpringExtension.java:163) ~[spring-test-6.1.14.jar:6.1.14]
	at org.junit.jupiter.engine.descriptor.ClassBasedTestDescriptor.lambda$invokeTestInstancePostProcessors$10(ClassBasedTestDescriptor.java:378) ~[junit-jupiter-engine-5.10.5.jar:5.10.5]
	at org.junit.jupiter.engine.descriptor.ClassBasedTestDescriptor.executeAndMaskThrowable(ClassBasedTestDescriptor.java:383) ~[junit-jupiter-engine-5.10.5.jar:5.10.5]
	at org.junit.jupiter.engine.descriptor.ClassBasedTestDescriptor.lambda$invokeTestInstancePostProcessors$11(ClassBasedTestDescriptor.java:378) ~[junit-jupiter-engine-5.10.5.jar:5.10.5]
	at java.base/java.util.stream.ReferencePipeline$3$1.accept(ReferencePipeline.java:197) ~[na:na]
	at java.base/java.util.stream.ReferencePipeline$2$1.accept(ReferencePipeline.java:179) ~[na:na]
	at java.base/java.util.ArrayList$ArrayListSpliterator.forEachRemaining(ArrayList.java:1708) ~[na:na]
	at java.base/java.util.stream.AbstractPipeline.copyInto(AbstractPipeline.java:509) ~[na:na]
	at java.base/java.util.stream.AbstractPipeline.wrapAndCopyInto(AbstractPipeline.java:499) ~[na:na]
	at java.base/java.util.stream.StreamSpliterators$WrappingSpliterator.forEachRemaining(StreamSpliterators.java:310) ~[na:na]
	at java.base/java.util.stream.Streams$ConcatSpliterator.forEachRemaining(Streams.java:735) ~[na:na]
	at java.base/java.util.stream.Streams$ConcatSpliterator.forEachRemaining(Streams.java:734) ~[na:na]
	at java.base/java.util.stream.ReferencePipeline$Head.forEach(ReferencePipeline.java:762) ~[na:na]
	at org.junit.jupiter.engine.descriptor.ClassBasedTestDescriptor.invokeTestInstancePostProcessors(ClassBasedTestDescriptor.java:377) ~[junit-jupiter-engine-5.10.5.jar:5.10.5]
	at org.junit.jupiter.engine.descriptor.ClassBasedTestDescriptor.lambda$instantiateAndPostProcessTestInstance$6(ClassBasedTestDescriptor.java:290) ~[junit-jupiter-engine-5.10.5.jar:5.10.5]
	at org.junit.platform.engine.support.hierarchical.ThrowableCollector.execute(ThrowableCollector.java:73) ~[junit-platform-engine-1.10.5.jar:1.10.5]
	at org.junit.jupiter.engine.descriptor.ClassBasedTestDescriptor.instantiateAndPostProcessTestInstance(ClassBasedTestDescriptor.java:289) ~[junit-jupiter-engine-5.10.5.jar:5.10.5]
	at org.junit.jupiter.engine.descriptor.ClassBasedTestDescriptor.lambda$testInstancesProvider$4(ClassBasedTestDescriptor.java:279) ~[junit-jupiter-engine-5.10.5.jar:5.10.5]
	at java.base/java.util.Optional.orElseGet(Optional.java:364) ~[na:na]
	at org.junit.jupiter.engine.descriptor.ClassBasedTestDescriptor.lambda$testInstancesProvider$5(ClassBasedTestDescriptor.java:278) ~[junit-jupiter-engine-5.10.5.jar:5.10.5]
	at org.junit.jupiter.engine.execution.TestInstancesProvider.getTestInstances(TestInstancesProvider.java:31) ~[junit-jupiter-engine-5.10.5.jar:5.10.5]
	at org.junit.jupiter.engine.descriptor.TestMethodTestDescriptor.lambda$prepare$0(TestMethodTestDescriptor.java:106) ~[junit-jupiter-engine-5.10.5.jar:5.10.5]
	at org.junit.platform.engine.support.hierarchical.ThrowableCollector.execute(ThrowableCollector.java:73) ~[junit-platform-engine-1.10.5.jar:1.10.5]
	at org.junit.jupiter.engine.descriptor.TestMethodTestDescriptor.prepare(TestMethodTestDescriptor.java:105) ~[junit-jupiter-engine-5.10.5.jar:5.10.5]
	at org.junit.jupiter.engine.descriptor.TestMethodTestDescriptor.prepare(TestMethodTestDescriptor.java:69) ~[junit-jupiter-engine-5.10.5.jar:5.10.5]
	at org.junit.platform.engine.support.hierarchical.NodeTestTask.lambda$prepare$2(NodeTestTask.java:128) ~[junit-platform-engine-1.10.5.jar:1.10.5]
	at org.junit.platform.engine.support.hierarchical.ThrowableCollector.execute(ThrowableCollector.java:73) ~[junit-platform-engine-1.10.5.jar:1.10.5]
	at org.junit.platform.engine.support.hierarchical.NodeTestTask.prepare(NodeTestTask.java:128) ~[junit-platform-engine-1.10.5.jar:1.10.5]
	at org.junit.platform.engine.support.hierarchical.NodeTestTask.execute(NodeTestTask.java:95) ~[junit-platform-engine-1.10.5.jar:1.10.5]
	at java.base/java.util.ArrayList.forEach(ArrayList.java:1596) ~[na:na]
	at org.junit.platform.engine.support.hierarchical.SameThreadHierarchicalTestExecutorService.invokeAll(SameThreadHierarchicalTestExecutorService.java:41) ~[junit-platform-engine-1.10.5.jar:1.10.5]
	at org.junit.platform.engine.support.hierarchical.NodeTestTask.lambda$executeRecursively$6(NodeTestTask.java:160) ~[junit-platform-engine-1.10.5.jar:1.10.5]
	at org.junit.platform.engine.support.hierarchical.ThrowableCollector.execute(ThrowableCollector.java:73) ~[junit-platform-engine-1.10.5.jar:1.10.5]
	at org.junit.platform.engine.support.hierarchical.NodeTestTask.lambda$executeRecursively$8(NodeTestTask.java:146) ~[junit-platform-engine-1.10.5.jar:1.10.5]
	at org.junit.platform.engine.support.hierarchical.Node.around(Node.java:137) ~[junit-platform-engine-1.10.5.jar:1.10.5]
	at org.junit.platform.engine.support.hierarchical.NodeTestTask.lambda$executeRecursively$9(NodeTestTask.java:144) ~[junit-platform-engine-1.10.5.jar:1.10.5]
	at org.junit.platform.engine.support.hierarchical.ThrowableCollector.execute(ThrowableCollector.java:73) ~[junit-platform-engine-1.10.5.jar:1.10.5]
	at org.junit.platform.engine.support.hierarchical.NodeTestTask.executeRecursively(NodeTestTask.java:143) ~[junit-platform-engine-1.10.5.jar:1.10.5]
	at org.junit.platform.engine.support.hierarchical.NodeTestTask.execute(NodeTestTask.java:100) ~[junit-platform-engine-1.10.5.jar:1.10.5]
	at java.base/java.util.ArrayList.forEach(ArrayList.java:1596) ~[na:na]
	at org.junit.platform.engine.support.hierarchical.SameThreadHierarchicalTestExecutorService.invokeAll(SameThreadHierarchicalTestExecutorService.java:41) ~[junit-platform-engine-1.10.5.jar:1.10.5]
	at org.junit.platform.engine.support.hierarchical.NodeTestTask.lambda$executeRecursively$6(NodeTestTask.java:160) ~[junit-platform-engine-1.10.5.jar:1.10.5]
	at org.junit.platform.engine.support.hierarchical.ThrowableCollector.execute(ThrowableCollector.java:73) ~[junit-platform-engine-1.10.5.jar:1.10.5]
	at org.junit.platform.engine.support.hierarchical.NodeTestTask.lambda$executeRecursively$8(NodeTestTask.java:146) ~[junit-platform-engine-1.10.5.jar:1.10.5]
	at org.junit.platform.engine.support.hierarchical.Node.around(Node.java:137) ~[junit-platform-engine-1.10.5.jar:1.10.5]
	at org.junit.platform.engine.support.hierarchical.NodeTestTask.lambda$executeRecursively$9(NodeTestTask.java:144) ~[junit-platform-engine-1.10.5.jar:1.10.5]
	at org.junit.platform.engine.support.hierarchical.ThrowableCollector.execute(ThrowableCollector.java:73) ~[junit-platform-engine-1.10.5.jar:1.10.5]
	at org.junit.platform.engine.support.hierarchical.NodeTestTask.executeRecursively(NodeTestTask.java:143) ~[junit-platform-engine-1.10.5.jar:1.10.5]
	at org.junit.platform.engine.support.hierarchical.NodeTestTask.execute(NodeTestTask.java:100) ~[junit-platform-engine-1.10.5.jar:1.10.5]
	at org.junit.platform.engine.support.hierarchical.SameThreadHierarchicalTestExecutorService.submit(SameThreadHierarchicalTestExecutorService.java:35) ~[junit-platform-engine-1.10.5.jar:1.10.5]
	at org.junit.platform.engine.support.hierarchical.HierarchicalTestExecutor.execute(HierarchicalTestExecutor.java:57) ~[junit-platform-engine-1.10.5.jar:1.10.5]
	at org.junit.platform.engine.support.hierarchical.HierarchicalTestEngine.execute(HierarchicalTestEngine.java:54) ~[junit-platform-engine-1.10.5.jar:1.10.5]
	at org.junit.platform.launcher.core.EngineExecutionOrchestrator.execute(EngineExecutionOrchestrator.java:198) ~[junit-platform-launcher-1.10.5.jar:1.10.5]
	at org.junit.platform.launcher.core.EngineExecutionOrchestrator.execute(EngineExecutionOrchestrator.java:169) ~[junit-platform-launcher-1.10.5.jar:1.10.5]
	at org.junit.platform.launcher.core.EngineExecutionOrchestrator.execute(EngineExecutionOrchestrator.java:93) ~[junit-platform-launcher-1.10.5.jar:1.10.5]
	at org.junit.platform.launcher.core.EngineExecutionOrchestrator.lambda$execute$0(EngineExecutionOrchestrator.java:58) ~[junit-platform-launcher-1.10.5.jar:1.10.5]
	at org.junit.platform.launcher.core.EngineExecutionOrchestrator.withInterceptedStreams(EngineExecutionOrchestrator.java:141) ~[junit-platform-launcher-1.10.5.jar:1.10.5]
	at org.junit.platform.launcher.core.EngineExecutionOrchestrator.execute(EngineExecutionOrchestrator.java:57) ~[junit-platform-launcher-1.10.5.jar:1.10.5]
	at org.junit.platform.launcher.core.DefaultLauncher.execute(DefaultLauncher.java:103) ~[junit-platform-launcher-1.10.5.jar:1.10.5]
	at org.junit.platform.launcher.core.DefaultLauncher.execute(DefaultLauncher.java:85) ~[junit-platform-launcher-1.10.5.jar:1.10.5]
	at org.junit.platform.launcher.core.DelegatingLauncher.execute(DelegatingLauncher.java:47) ~[junit-platform-launcher-1.10.5.jar:1.10.5]
	at org.apache.maven.surefire.junitplatform.LazyLauncher.execute(LazyLauncher.java:56) ~[surefire-junit-platform-3.2.5.jar:3.2.5]
	at org.apache.maven.surefire.junitplatform.JUnitPlatformProvider.execute(JUnitPlatformProvider.java:184) ~[surefire-junit-platform-3.2.5.jar:3.2.5]
	at org.apache.maven.surefire.junitplatform.JUnitPlatformProvider.invokeAllTests(JUnitPlatformProvider.java:148) ~[surefire-junit-platform-3.2.5.jar:3.2.5]
	at org.apache.maven.surefire.junitplatform.JUnitPlatformProvider.invoke(JUnitPlatformProvider.java:122) ~[surefire-junit-platform-3.2.5.jar:3.2.5]
	at org.apache.maven.surefire.booter.ForkedBooter.runSuitesInProcess(ForkedBooter.java:385) ~[surefire-booter-3.2.5.jar:3.2.5]
	at org.apache.maven.surefire.booter.ForkedBooter.execute(ForkedBooter.java:162) ~[surefire-booter-3.2.5.jar:3.2.5]
	at org.apache.maven.surefire.booter.ForkedBooter.run(ForkedBooter.java:507) ~[surefire-booter-3.2.5.jar:3.2.5]
	at org.apache.maven.surefire.booter.ForkedBooter.main(ForkedBooter.java:495) ~[surefire-booter-3.2.5.jar:3.2.5]
Caused by: java.util.concurrent.TimeoutException: null
	at java.base/java.util.concurrent.CompletableFuture.timedGet(CompletableFuture.java:1960) ~[na:na]
	at java.base/java.util.concurrent.CompletableFuture.get(CompletableFuture.java:2095) ~[na:na]
	at org.apache.kafka.common.internals.KafkaFutureImpl.get(KafkaFutureImpl.java:180) ~[kafka-clients-3.7.1.jar:na]
	at org.springframework.kafka.core.KafkaAdmin.lambda$checkPartitions$13(KafkaAdmin.java:532) ~[spring-kafka-3.2.4.jar:3.2.4]
	... 93 common frames omitted

2024-11-11T12:30:42.791+01:00  INFO 36088 --- [authentication-service] [service-admin-0] org.apache.kafka.clients.NetworkClient   : [AdminClient clientId=authentication-service-admin-0] Node -1 disconnected.
2024-11-11T12:30:42.791+01:00  WARN 36088 --- [authentication-service] [service-admin-0] org.apache.kafka.clients.NetworkClient   : [AdminClient clientId=authentication-service-admin-0] Connection to node -1 (localhost/127.0.0.1:9092) could not be established. Node may not be available.
2024-11-11T12:30:43.703+01:00  INFO 36088 --- [authentication-service] [service-admin-0] org.apache.kafka.clients.NetworkClient   : [AdminClient clientId=authentication-service-admin-0] Node -1 disconnected.
2024-11-11T12:30:43.703+01:00  WARN 36088 --- [authentication-service] [service-admin-0] org.apache.kafka.clients.NetworkClient   : [AdminClient clientId=authentication-service-admin-0] Connection to node -1 (localhost/127.0.0.1:9092) could not be established. Node may not be available.
2024-11-11T12:30:44.615+01:00  INFO 36088 --- [authentication-service] [service-admin-0] org.apache.kafka.clients.NetworkClient   : [AdminClient clientId=authentication-service-admin-0] Node -1 disconnected.
2024-11-11T12:30:44.615+01:00  WARN 36088 --- [authentication-service] [service-admin-0] org.apache.kafka.clients.NetworkClient   : [AdminClient clientId=authentication-service-admin-0] Connection to node -1 (localhost/127.0.0.1:9092) could not be established. Node may not be available.
2024-11-11T12:30:45.629+01:00  INFO 36088 --- [authentication-service] [service-admin-0] org.apache.kafka.clients.NetworkClient   : [AdminClient clientId=authentication-service-admin-0] Node -1 disconnected.
2024-11-11T12:30:45.629+01:00  WARN 36088 --- [authentication-service] [service-admin-0] org.apache.kafka.clients.NetworkClient   : [AdminClient clientId=authentication-service-admin-0] Connection to node -1 (localhost/127.0.0.1:9092) could not be established. Node may not be available.
2024-11-11T12:30:46.643+01:00  INFO 36088 --- [authentication-service] [service-admin-0] org.apache.kafka.clients.NetworkClient   : [AdminClient clientId=authentication-service-admin-0] Node -1 disconnected.
2024-11-11T12:30:46.643+01:00  WARN 36088 --- [authentication-service] [service-admin-0] org.apache.kafka.clients.NetworkClient   : [AdminClient clientId=authentication-service-admin-0] Connection to node -1 (localhost/127.0.0.1:9092) could not be established. Node may not be available.
2024-11-11T12:30:47.557+01:00  INFO 36088 --- [authentication-service] [service-admin-0] org.apache.kafka.clients.NetworkClient   : [AdminClient clientId=authentication-service-admin-0] Node -1 disconnected.
2024-11-11T12:30:47.557+01:00  WARN 36088 --- [authentication-service] [service-admin-0] org.apache.kafka.clients.NetworkClient   : [AdminClient clientId=authentication-service-admin-0] Connection to node -1 (localhost/127.0.0.1:9092) could not be established. Node may not be available.
2024-11-11T12:30:48.570+01:00  INFO 36088 --- [authentication-service] [service-admin-0] org.apache.kafka.clients.NetworkClient   : [AdminClient clientId=authentication-service-admin-0] Node -1 disconnected.
2024-11-11T12:30:48.571+01:00  WARN 36088 --- [authentication-service] [service-admin-0] org.apache.kafka.clients.NetworkClient   : [AdminClient clientId=authentication-service-admin-0] Connection to node -1 (localhost/127.0.0.1:9092) could not be established. Node may not be available.
2024-11-11T12:30:49.583+01:00  INFO 36088 --- [authentication-service] [service-admin-0] org.apache.kafka.clients.NetworkClient   : [AdminClient clientId=authentication-service-admin-0] Node -1 disconnected.
2024-11-11T12:30:49.583+01:00  WARN 36088 --- [authentication-service] [service-admin-0] org.apache.kafka.clients.NetworkClient   : [AdminClient clientId=authentication-service-admin-0] Connection to node -1 (localhost/127.0.0.1:9092) could not be established. Node may not be available.
2024-11-11T12:30:50.595+01:00  INFO 36088 --- [authentication-service] [service-admin-0] org.apache.kafka.clients.NetworkClient   : [AdminClient clientId=authentication-service-admin-0] Node -1 disconnected.
2024-11-11T12:30:50.595+01:00  WARN 36088 --- [authentication-service] [service-admin-0] org.apache.kafka.clients.NetworkClient   : [AdminClient clientId=authentication-service-admin-0] Connection to node -1 (localhost/127.0.0.1:9092) could not be established. Node may not be available.
2024-11-11T12:30:51.608+01:00  INFO 36088 --- [authentication-service] [service-admin-0] org.apache.kafka.clients.NetworkClient   : [AdminClient clientId=authentication-service-admin-0] Node -1 disconnected.
2024-11-11T12:30:51.608+01:00  WARN 36088 --- [authentication-service] [service-admin-0] org.apache.kafka.clients.NetworkClient   : [AdminClient clientId=authentication-service-admin-0] Connection to node -1 (localhost/127.0.0.1:9092) could not be established. Node may not be available.
2024-11-11T12:30:52.285+01:00  INFO 36088 --- [authentication-service] [service-admin-0] o.a.k.clients.admin.KafkaAdminClient     : [AdminClient clientId=authentication-service-admin-0] Forcing a hard I/O thread shutdown. Requests in progress will be aborted.
2024-11-11T12:30:52.287+01:00  INFO 36088 --- [authentication-service] [service-admin-0] o.a.kafka.common.utils.AppInfoParser     : App info kafka.admin.client for authentication-service-admin-0 unregistered
2024-11-11T12:30:52.288+01:00  INFO 36088 --- [authentication-service] [service-admin-0] o.a.k.c.a.i.AdminMetadataManager         : [AdminClient clientId=authentication-service-admin-0] Metadata update failed

org.apache.kafka.common.errors.TimeoutException: The AdminClient thread has exited. Call: fetchMetadata

2024-11-11T12:30:52.289+01:00  INFO 36088 --- [authentication-service] [service-admin-0] o.a.k.clients.admin.KafkaAdminClient     : [AdminClient clientId=authentication-service-admin-0] Timed out 2 remaining operation(s) during close.
2024-11-11T12:30:52.295+01:00  INFO 36088 --- [authentication-service] [service-admin-0] o.apache.kafka.common.metrics.Metrics    : Metrics scheduler closed
2024-11-11T12:30:52.295+01:00  INFO 36088 --- [authentication-service] [service-admin-0] o.apache.kafka.common.metrics.Metrics    : Closing reporter org.apache.kafka.common.metrics.JmxReporter
2024-11-11T12:30:52.295+01:00  INFO 36088 --- [authentication-service] [service-admin-0] o.apache.kafka.common.metrics.Metrics    : Metrics reporters closed
2024-11-11T12:30:52.319+01:00  INFO 36088 --- [authentication-service] [           main] o.a.k.clients.consumer.ConsumerConfig    : ConsumerConfig values: 
	allow.auto.create.topics = true
	auto.commit.interval.ms = 5000
	auto.include.jmx.reporter = true
	auto.offset.reset = latest
	bootstrap.servers = [localhost:9092]
	check.crcs = true
	client.dns.lookup = use_all_dns_ips
	client.id = consumer-auth-timeline-group-retry-1
	client.rack = 
	connections.max.idle.ms = 540000
	default.api.timeout.ms = 60000
	enable.auto.commit = false
	enable.metrics.push = true
	exclude.internal.topics = true
	fetch.max.bytes = 52428800
	fetch.max.wait.ms = 500
	fetch.min.bytes = 1
	group.id = auth-timeline-group-retry
	group.instance.id = null
	group.protocol = classic
	group.remote.assignor = null
	heartbeat.interval.ms = 3000
	interceptor.classes = []
	internal.leave.group.on.close = true
	internal.throw.on.fetch.stable.offset.unsupported = false
	isolation.level = read_uncommitted
	key.deserializer = class org.apache.kafka.common.serialization.StringDeserializer
	max.partition.fetch.bytes = 1048576
	max.poll.interval.ms = 300000
	max.poll.records = 500
	metadata.max.age.ms = 300000
	metric.reporters = []
	metrics.num.samples = 2
	metrics.recording.level = INFO
	metrics.sample.window.ms = 30000
	partition.assignment.strategy = [class org.apache.kafka.clients.consumer.RangeAssignor, class org.apache.kafka.clients.consumer.CooperativeStickyAssignor]
	receive.buffer.bytes = 65536
	reconnect.backoff.max.ms = 1000
	reconnect.backoff.ms = 50
	request.timeout.ms = 30000
	retry.backoff.max.ms = 1000
	retry.backoff.ms = 100
	sasl.client.callback.handler.class = null
	sasl.jaas.config = null
	sasl.kerberos.kinit.cmd = /usr/bin/kinit
	sasl.kerberos.min.time.before.relogin = 60000
	sasl.kerberos.service.name = null
	sasl.kerberos.ticket.renew.jitter = 0.05
	sasl.kerberos.ticket.renew.window.factor = 0.8
	sasl.login.callback.handler.class = null
	sasl.login.class = null
	sasl.login.connect.timeout.ms = null
	sasl.login.read.timeout.ms = null
	sasl.login.refresh.buffer.seconds = 300
	sasl.login.refresh.min.period.seconds = 60
	sasl.login.refresh.window.factor = 0.8
	sasl.login.refresh.window.jitter = 0.05
	sasl.login.retry.backoff.max.ms = 10000
	sasl.login.retry.backoff.ms = 100
	sasl.mechanism = GSSAPI
	sasl.oauthbearer.clock.skew.seconds = 30
	sasl.oauthbearer.expected.audience = null
	sasl.oauthbearer.expected.issuer = null
	sasl.oauthbearer.jwks.endpoint.refresh.ms = 3600000
	sasl.oauthbearer.jwks.endpoint.retry.backoff.max.ms = 10000
	sasl.oauthbearer.jwks.endpoint.retry.backoff.ms = 100
	sasl.oauthbearer.jwks.endpoint.url = null
	sasl.oauthbearer.scope.claim.name = scope
	sasl.oauthbearer.sub.claim.name = sub
	sasl.oauthbearer.token.endpoint.url = null
	security.protocol = PLAINTEXT
	security.providers = null
	send.buffer.bytes = 131072
	session.timeout.ms = 45000
	socket.connection.setup.timeout.max.ms = 30000
	socket.connection.setup.timeout.ms = 10000
	ssl.cipher.suites = null
	ssl.enabled.protocols = [TLSv1.2, TLSv1.3]
	ssl.endpoint.identification.algorithm = https
	ssl.engine.factory.class = null
	ssl.key.password = null
	ssl.keymanager.algorithm = SunX509
	ssl.keystore.certificate.chain = null
	ssl.keystore.key = null
	ssl.keystore.location = null
	ssl.keystore.password = null
	ssl.keystore.type = JKS
	ssl.protocol = TLSv1.3
	ssl.provider = null
	ssl.secure.random.implementation = null
	ssl.trustmanager.algorithm = PKIX
	ssl.truststore.certificates = null
	ssl.truststore.location = null
	ssl.truststore.password = null
	ssl.truststore.type = JKS
	value.deserializer = class org.apache.kafka.common.serialization.StringDeserializer

2024-11-11T12:30:52.338+01:00  INFO 36088 --- [authentication-service] [           main] o.a.k.c.t.i.KafkaMetricsCollector        : initializing Kafka metrics collector
2024-11-11T12:30:52.361+01:00  INFO 36088 --- [authentication-service] [           main] o.a.kafka.common.utils.AppInfoParser     : Kafka version: 3.7.1
2024-11-11T12:30:52.361+01:00  INFO 36088 --- [authentication-service] [           main] o.a.kafka.common.utils.AppInfoParser     : Kafka commitId: e2494e6ffb89f828
2024-11-11T12:30:52.361+01:00  INFO 36088 --- [authentication-service] [           main] o.a.kafka.common.utils.AppInfoParser     : Kafka startTimeMs: 1731324652361
2024-11-11T12:30:52.362+01:00  INFO 36088 --- [authentication-service] [           main] o.a.k.c.c.internals.LegacyKafkaConsumer  : [Consumer clientId=consumer-auth-timeline-group-retry-1, groupId=auth-timeline-group-retry] Subscribed to topic(s): TIMELINE-retry
2024-11-11T12:30:52.364+01:00  INFO 36088 --- [authentication-service] [           main] o.a.k.clients.consumer.ConsumerConfig    : ConsumerConfig values: 
	allow.auto.create.topics = true
	auto.commit.interval.ms = 5000
	auto.include.jmx.reporter = true
	auto.offset.reset = latest
	bootstrap.servers = [localhost:9092]
	check.crcs = true
	client.dns.lookup = use_all_dns_ips
	client.id = consumer-auth-group-dlt-2
	client.rack = 
	connections.max.idle.ms = 540000
	default.api.timeout.ms = 60000
	enable.auto.commit = false
	enable.metrics.push = true
	exclude.internal.topics = true
	fetch.max.bytes = 52428800
	fetch.max.wait.ms = 500
	fetch.min.bytes = 1
	group.id = auth-group-dlt
	group.instance.id = null
	group.protocol = classic
	group.remote.assignor = null
	heartbeat.interval.ms = 3000
	interceptor.classes = []
	internal.leave.group.on.close = true
	internal.throw.on.fetch.stable.offset.unsupported = false
	isolation.level = read_uncommitted
	key.deserializer = class org.apache.kafka.common.serialization.StringDeserializer
	max.partition.fetch.bytes = 1048576
	max.poll.interval.ms = 300000
	max.poll.records = 500
	metadata.max.age.ms = 300000
	metric.reporters = []
	metrics.num.samples = 2
	metrics.recording.level = INFO
	metrics.sample.window.ms = 30000
	partition.assignment.strategy = [class org.apache.kafka.clients.consumer.RangeAssignor, class org.apache.kafka.clients.consumer.CooperativeStickyAssignor]
	receive.buffer.bytes = 65536
	reconnect.backoff.max.ms = 1000
	reconnect.backoff.ms = 50
	request.timeout.ms = 30000
	retry.backoff.max.ms = 1000
	retry.backoff.ms = 100
	sasl.client.callback.handler.class = null
	sasl.jaas.config = null
	sasl.kerberos.kinit.cmd = /usr/bin/kinit
	sasl.kerberos.min.time.before.relogin = 60000
	sasl.kerberos.service.name = null
	sasl.kerberos.ticket.renew.jitter = 0.05
	sasl.kerberos.ticket.renew.window.factor = 0.8
	sasl.login.callback.handler.class = null
	sasl.login.class = null
	sasl.login.connect.timeout.ms = null
	sasl.login.read.timeout.ms = null
	sasl.login.refresh.buffer.seconds = 300
	sasl.login.refresh.min.period.seconds = 60
	sasl.login.refresh.window.factor = 0.8
	sasl.login.refresh.window.jitter = 0.05
	sasl.login.retry.backoff.max.ms = 10000
	sasl.login.retry.backoff.ms = 100
	sasl.mechanism = GSSAPI
	sasl.oauthbearer.clock.skew.seconds = 30
	sasl.oauthbearer.expected.audience = null
	sasl.oauthbearer.expected.issuer = null
	sasl.oauthbearer.jwks.endpoint.refresh.ms = 3600000
	sasl.oauthbearer.jwks.endpoint.retry.backoff.max.ms = 10000
	sasl.oauthbearer.jwks.endpoint.retry.backoff.ms = 100
	sasl.oauthbearer.jwks.endpoint.url = null
	sasl.oauthbearer.scope.claim.name = scope
	sasl.oauthbearer.sub.claim.name = sub
	sasl.oauthbearer.token.endpoint.url = null
	security.protocol = PLAINTEXT
	security.providers = null
	send.buffer.bytes = 131072
	session.timeout.ms = 45000
	socket.connection.setup.timeout.max.ms = 30000
	socket.connection.setup.timeout.ms = 10000
	ssl.cipher.suites = null
	ssl.enabled.protocols = [TLSv1.2, TLSv1.3]
	ssl.endpoint.identification.algorithm = https
	ssl.engine.factory.class = null
	ssl.key.password = null
	ssl.keymanager.algorithm = SunX509
	ssl.keystore.certificate.chain = null
	ssl.keystore.key = null
	ssl.keystore.location = null
	ssl.keystore.password = null
	ssl.keystore.type = JKS
	ssl.protocol = TLSv1.3
	ssl.provider = null
	ssl.secure.random.implementation = null
	ssl.trustmanager.algorithm = PKIX
	ssl.truststore.certificates = null
	ssl.truststore.location = null
	ssl.truststore.password = null
	ssl.truststore.type = JKS
	value.deserializer = class org.apache.kafka.common.serialization.StringDeserializer

2024-11-11T12:30:52.364+01:00  INFO 36088 --- [authentication-service] [           main] o.a.k.c.t.i.KafkaMetricsCollector        : initializing Kafka metrics collector
2024-11-11T12:30:52.371+01:00  INFO 36088 --- [authentication-service] [           main] o.a.kafka.common.utils.AppInfoParser     : Kafka version: 3.7.1
2024-11-11T12:30:52.371+01:00  INFO 36088 --- [authentication-service] [           main] o.a.kafka.common.utils.AppInfoParser     : Kafka commitId: e2494e6ffb89f828
2024-11-11T12:30:52.371+01:00  INFO 36088 --- [authentication-service] [           main] o.a.kafka.common.utils.AppInfoParser     : Kafka startTimeMs: 1731324652371
2024-11-11T12:30:52.371+01:00  INFO 36088 --- [authentication-service] [           main] o.a.k.c.c.internals.LegacyKafkaConsumer  : [Consumer clientId=consumer-auth-group-dlt-2, groupId=auth-group-dlt] Subscribed to topic(s): CUSTOMER-dlt
2024-11-11T12:30:52.372+01:00  INFO 36088 --- [authentication-service] [           main] o.a.k.clients.consumer.ConsumerConfig    : ConsumerConfig values: 
	allow.auto.create.topics = true
	auto.commit.interval.ms = 5000
	auto.include.jmx.reporter = true
	auto.offset.reset = latest
	bootstrap.servers = [localhost:9092]
	check.crcs = true
	client.dns.lookup = use_all_dns_ips
	client.id = consumer-auth-timeline-group-dlt-3
	client.rack = 
	connections.max.idle.ms = 540000
	default.api.timeout.ms = 60000
	enable.auto.commit = false
	enable.metrics.push = true
	exclude.internal.topics = true
	fetch.max.bytes = 52428800
	fetch.max.wait.ms = 500
	fetch.min.bytes = 1
	group.id = auth-timeline-group-dlt
	group.instance.id = null
	group.protocol = classic
	group.remote.assignor = null
	heartbeat.interval.ms = 3000
	interceptor.classes = []
	internal.leave.group.on.close = true
	internal.throw.on.fetch.stable.offset.unsupported = false
	isolation.level = read_uncommitted
	key.deserializer = class org.apache.kafka.common.serialization.StringDeserializer
	max.partition.fetch.bytes = 1048576
	max.poll.interval.ms = 300000
	max.poll.records = 500
	metadata.max.age.ms = 300000
	metric.reporters = []
	metrics.num.samples = 2
	metrics.recording.level = INFO
	metrics.sample.window.ms = 30000
	partition.assignment.strategy = [class org.apache.kafka.clients.consumer.RangeAssignor, class org.apache.kafka.clients.consumer.CooperativeStickyAssignor]
	receive.buffer.bytes = 65536
	reconnect.backoff.max.ms = 1000
	reconnect.backoff.ms = 50
	request.timeout.ms = 30000
	retry.backoff.max.ms = 1000
	retry.backoff.ms = 100
	sasl.client.callback.handler.class = null
	sasl.jaas.config = null
	sasl.kerberos.kinit.cmd = /usr/bin/kinit
	sasl.kerberos.min.time.before.relogin = 60000
	sasl.kerberos.service.name = null
	sasl.kerberos.ticket.renew.jitter = 0.05
	sasl.kerberos.ticket.renew.window.factor = 0.8
	sasl.login.callback.handler.class = null
	sasl.login.class = null
	sasl.login.connect.timeout.ms = null
	sasl.login.read.timeout.ms = null
	sasl.login.refresh.buffer.seconds = 300
	sasl.login.refresh.min.period.seconds = 60
	sasl.login.refresh.window.factor = 0.8
	sasl.login.refresh.window.jitter = 0.05
	sasl.login.retry.backoff.max.ms = 10000
	sasl.login.retry.backoff.ms = 100
	sasl.mechanism = GSSAPI
	sasl.oauthbearer.clock.skew.seconds = 30
	sasl.oauthbearer.expected.audience = null
	sasl.oauthbearer.expected.issuer = null
	sasl.oauthbearer.jwks.endpoint.refresh.ms = 3600000
	sasl.oauthbearer.jwks.endpoint.retry.backoff.max.ms = 10000
	sasl.oauthbearer.jwks.endpoint.retry.backoff.ms = 100
	sasl.oauthbearer.jwks.endpoint.url = null
	sasl.oauthbearer.scope.claim.name = scope
	sasl.oauthbearer.sub.claim.name = sub
	sasl.oauthbearer.token.endpoint.url = null
	security.protocol = PLAINTEXT
	security.providers = null
	send.buffer.bytes = 131072
	session.timeout.ms = 45000
	socket.connection.setup.timeout.max.ms = 30000
	socket.connection.setup.timeout.ms = 10000
	ssl.cipher.suites = null
	ssl.enabled.protocols = [TLSv1.2, TLSv1.3]
	ssl.endpoint.identification.algorithm = https
	ssl.engine.factory.class = null
	ssl.key.password = null
	ssl.keymanager.algorithm = SunX509
	ssl.keystore.certificate.chain = null
	ssl.keystore.key = null
	ssl.keystore.location = null
	ssl.keystore.password = null
	ssl.keystore.type = JKS
	ssl.protocol = TLSv1.3
	ssl.provider = null
	ssl.secure.random.implementation = null
	ssl.trustmanager.algorithm = PKIX
	ssl.truststore.certificates = null
	ssl.truststore.location = null
	ssl.truststore.password = null
	ssl.truststore.type = JKS
	value.deserializer = class org.apache.kafka.common.serialization.StringDeserializer

2024-11-11T12:30:52.372+01:00  INFO 36088 --- [authentication-service] [           main] o.a.k.c.t.i.KafkaMetricsCollector        : initializing Kafka metrics collector
2024-11-11T12:30:52.374+01:00  INFO 36088 --- [authentication-service] [           main] o.a.kafka.common.utils.AppInfoParser     : Kafka version: 3.7.1
2024-11-11T12:30:52.374+01:00  INFO 36088 --- [authentication-service] [           main] o.a.kafka.common.utils.AppInfoParser     : Kafka commitId: e2494e6ffb89f828
2024-11-11T12:30:52.374+01:00  INFO 36088 --- [authentication-service] [           main] o.a.kafka.common.utils.AppInfoParser     : Kafka startTimeMs: 1731324652374
2024-11-11T12:30:52.374+01:00  INFO 36088 --- [authentication-service] [           main] o.a.k.c.c.internals.LegacyKafkaConsumer  : [Consumer clientId=consumer-auth-timeline-group-dlt-3, groupId=auth-timeline-group-dlt] Subscribed to topic(s): TIMELINE-dlt
2024-11-11T12:30:52.375+01:00  INFO 36088 --- [authentication-service] [           main] o.a.k.clients.consumer.ConsumerConfig    : ConsumerConfig values: 
	allow.auto.create.topics = true
	auto.commit.interval.ms = 5000
	auto.include.jmx.reporter = true
	auto.offset.reset = latest
	bootstrap.servers = [localhost:9092]
	check.crcs = true
	client.dns.lookup = use_all_dns_ips
	client.id = consumer-auth-group-4
	client.rack = 
	connections.max.idle.ms = 540000
	default.api.timeout.ms = 60000
	enable.auto.commit = false
	enable.metrics.push = true
	exclude.internal.topics = true
	fetch.max.bytes = 52428800
	fetch.max.wait.ms = 500
	fetch.min.bytes = 1
	group.id = auth-group
	group.instance.id = null
	group.protocol = classic
	group.remote.assignor = null
	heartbeat.interval.ms = 3000
	interceptor.classes = []
	internal.leave.group.on.close = true
	internal.throw.on.fetch.stable.offset.unsupported = false
	isolation.level = read_uncommitted
	key.deserializer = class org.apache.kafka.common.serialization.StringDeserializer
	max.partition.fetch.bytes = 1048576
	max.poll.interval.ms = 300000
	max.poll.records = 500
	metadata.max.age.ms = 300000
	metric.reporters = []
	metrics.num.samples = 2
	metrics.recording.level = INFO
	metrics.sample.window.ms = 30000
	partition.assignment.strategy = [class org.apache.kafka.clients.consumer.RangeAssignor, class org.apache.kafka.clients.consumer.CooperativeStickyAssignor]
	receive.buffer.bytes = 65536
	reconnect.backoff.max.ms = 1000
	reconnect.backoff.ms = 50
	request.timeout.ms = 30000
	retry.backoff.max.ms = 1000
	retry.backoff.ms = 100
	sasl.client.callback.handler.class = null
	sasl.jaas.config = null
	sasl.kerberos.kinit.cmd = /usr/bin/kinit
	sasl.kerberos.min.time.before.relogin = 60000
	sasl.kerberos.service.name = null
	sasl.kerberos.ticket.renew.jitter = 0.05
	sasl.kerberos.ticket.renew.window.factor = 0.8
	sasl.login.callback.handler.class = null
	sasl.login.class = null
	sasl.login.connect.timeout.ms = null
	sasl.login.read.timeout.ms = null
	sasl.login.refresh.buffer.seconds = 300
	sasl.login.refresh.min.period.seconds = 60
	sasl.login.refresh.window.factor = 0.8
	sasl.login.refresh.window.jitter = 0.05
	sasl.login.retry.backoff.max.ms = 10000
	sasl.login.retry.backoff.ms = 100
	sasl.mechanism = GSSAPI
	sasl.oauthbearer.clock.skew.seconds = 30
	sasl.oauthbearer.expected.audience = null
	sasl.oauthbearer.expected.issuer = null
	sasl.oauthbearer.jwks.endpoint.refresh.ms = 3600000
	sasl.oauthbearer.jwks.endpoint.retry.backoff.max.ms = 10000
	sasl.oauthbearer.jwks.endpoint.retry.backoff.ms = 100
	sasl.oauthbearer.jwks.endpoint.url = null
	sasl.oauthbearer.scope.claim.name = scope
	sasl.oauthbearer.sub.claim.name = sub
	sasl.oauthbearer.token.endpoint.url = null
	security.protocol = PLAINTEXT
	security.providers = null
	send.buffer.bytes = 131072
	session.timeout.ms = 45000
	socket.connection.setup.timeout.max.ms = 30000
	socket.connection.setup.timeout.ms = 10000
	ssl.cipher.suites = null
	ssl.enabled.protocols = [TLSv1.2, TLSv1.3]
	ssl.endpoint.identification.algorithm = https
	ssl.engine.factory.class = null
	ssl.key.password = null
	ssl.keymanager.algorithm = SunX509
	ssl.keystore.certificate.chain = null
	ssl.keystore.key = null
	ssl.keystore.location = null
	ssl.keystore.password = null
	ssl.keystore.type = JKS
	ssl.protocol = TLSv1.3
	ssl.provider = null
	ssl.secure.random.implementation = null
	ssl.trustmanager.algorithm = PKIX
	ssl.truststore.certificates = null
	ssl.truststore.location = null
	ssl.truststore.password = null
	ssl.truststore.type = JKS
	value.deserializer = class org.apache.kafka.common.serialization.StringDeserializer

2024-11-11T12:30:52.375+01:00  INFO 36088 --- [authentication-service] [           main] o.a.k.c.t.i.KafkaMetricsCollector        : initializing Kafka metrics collector
2024-11-11T12:30:52.376+01:00  INFO 36088 --- [authentication-service] [           main] o.a.kafka.common.utils.AppInfoParser     : Kafka version: 3.7.1
2024-11-11T12:30:52.376+01:00  INFO 36088 --- [authentication-service] [           main] o.a.kafka.common.utils.AppInfoParser     : Kafka commitId: e2494e6ffb89f828
2024-11-11T12:30:52.376+01:00  INFO 36088 --- [authentication-service] [           main] o.a.kafka.common.utils.AppInfoParser     : Kafka startTimeMs: 1731324652376
2024-11-11T12:30:52.377+01:00  INFO 36088 --- [authentication-service] [           main] o.a.k.c.c.internals.LegacyKafkaConsumer  : [Consumer clientId=consumer-auth-group-4, groupId=auth-group] Subscribed to topic(s): CUSTOMER
2024-11-11T12:30:52.377+01:00  INFO 36088 --- [authentication-service] [           main] o.a.k.clients.consumer.ConsumerConfig    : ConsumerConfig values: 
	allow.auto.create.topics = true
	auto.commit.interval.ms = 5000
	auto.include.jmx.reporter = true
	auto.offset.reset = latest
	bootstrap.servers = [localhost:9092]
	check.crcs = true
	client.dns.lookup = use_all_dns_ips
	client.id = consumer-auth-group-retry-5
	client.rack = 
	connections.max.idle.ms = 540000
	default.api.timeout.ms = 60000
	enable.auto.commit = false
	enable.metrics.push = true
	exclude.internal.topics = true
	fetch.max.bytes = 52428800
	fetch.max.wait.ms = 500
	fetch.min.bytes = 1
	group.id = auth-group-retry
	group.instance.id = null
	group.protocol = classic
	group.remote.assignor = null
	heartbeat.interval.ms = 3000
	interceptor.classes = []
	internal.leave.group.on.close = true
	internal.throw.on.fetch.stable.offset.unsupported = false
	isolation.level = read_uncommitted
	key.deserializer = class org.apache.kafka.common.serialization.StringDeserializer
	max.partition.fetch.bytes = 1048576
	max.poll.interval.ms = 300000
	max.poll.records = 500
	metadata.max.age.ms = 300000
	metric.reporters = []
	metrics.num.samples = 2
	metrics.recording.level = INFO
	metrics.sample.window.ms = 30000
	partition.assignment.strategy = [class org.apache.kafka.clients.consumer.RangeAssignor, class org.apache.kafka.clients.consumer.CooperativeStickyAssignor]
	receive.buffer.bytes = 65536
	reconnect.backoff.max.ms = 1000
	reconnect.backoff.ms = 50
	request.timeout.ms = 30000
	retry.backoff.max.ms = 1000
	retry.backoff.ms = 100
	sasl.client.callback.handler.class = null
	sasl.jaas.config = null
	sasl.kerberos.kinit.cmd = /usr/bin/kinit
	sasl.kerberos.min.time.before.relogin = 60000
	sasl.kerberos.service.name = null
	sasl.kerberos.ticket.renew.jitter = 0.05
	sasl.kerberos.ticket.renew.window.factor = 0.8
	sasl.login.callback.handler.class = null
	sasl.login.class = null
	sasl.login.connect.timeout.ms = null
	sasl.login.read.timeout.ms = null
	sasl.login.refresh.buffer.seconds = 300
	sasl.login.refresh.min.period.seconds = 60
	sasl.login.refresh.window.factor = 0.8
	sasl.login.refresh.window.jitter = 0.05
	sasl.login.retry.backoff.max.ms = 10000
	sasl.login.retry.backoff.ms = 100
	sasl.mechanism = GSSAPI
	sasl.oauthbearer.clock.skew.seconds = 30
	sasl.oauthbearer.expected.audience = null
	sasl.oauthbearer.expected.issuer = null
	sasl.oauthbearer.jwks.endpoint.refresh.ms = 3600000
	sasl.oauthbearer.jwks.endpoint.retry.backoff.max.ms = 10000
	sasl.oauthbearer.jwks.endpoint.retry.backoff.ms = 100
	sasl.oauthbearer.jwks.endpoint.url = null
	sasl.oauthbearer.scope.claim.name = scope
	sasl.oauthbearer.sub.claim.name = sub
	sasl.oauthbearer.token.endpoint.url = null
	security.protocol = PLAINTEXT
	security.providers = null
	send.buffer.bytes = 131072
	session.timeout.ms = 45000
	socket.connection.setup.timeout.max.ms = 30000
	socket.connection.setup.timeout.ms = 10000
	ssl.cipher.suites = null
	ssl.enabled.protocols = [TLSv1.2, TLSv1.3]
	ssl.endpoint.identification.algorithm = https
	ssl.engine.factory.class = null
	ssl.key.password = null
	ssl.keymanager.algorithm = SunX509
	ssl.keystore.certificate.chain = null
	ssl.keystore.key = null
	ssl.keystore.location = null
	ssl.keystore.password = null
	ssl.keystore.type = JKS
	ssl.protocol = TLSv1.3
	ssl.provider = null
	ssl.secure.random.implementation = null
	ssl.trustmanager.algorithm = PKIX
	ssl.truststore.certificates = null
	ssl.truststore.location = null
	ssl.truststore.password = null
	ssl.truststore.type = JKS
	value.deserializer = class org.apache.kafka.common.serialization.StringDeserializer

2024-11-11T12:30:52.377+01:00  INFO 36088 --- [authentication-service] [           main] o.a.k.c.t.i.KafkaMetricsCollector        : initializing Kafka metrics collector
2024-11-11T12:30:52.379+01:00  INFO 36088 --- [authentication-service] [           main] o.a.kafka.common.utils.AppInfoParser     : Kafka version: 3.7.1
2024-11-11T12:30:52.379+01:00  INFO 36088 --- [authentication-service] [           main] o.a.kafka.common.utils.AppInfoParser     : Kafka commitId: e2494e6ffb89f828
2024-11-11T12:30:52.379+01:00  INFO 36088 --- [authentication-service] [           main] o.a.kafka.common.utils.AppInfoParser     : Kafka startTimeMs: 1731324652379
2024-11-11T12:30:52.379+01:00  INFO 36088 --- [authentication-service] [           main] o.a.k.c.c.internals.LegacyKafkaConsumer  : [Consumer clientId=consumer-auth-group-retry-5, groupId=auth-group-retry] Subscribed to topic(s): CUSTOMER-retry
2024-11-11T12:30:52.379+01:00  INFO 36088 --- [authentication-service] [           main] o.a.k.clients.consumer.ConsumerConfig    : ConsumerConfig values: 
	allow.auto.create.topics = true
	auto.commit.interval.ms = 5000
	auto.include.jmx.reporter = true
	auto.offset.reset = latest
	bootstrap.servers = [localhost:9092]
	check.crcs = true
	client.dns.lookup = use_all_dns_ips
	client.id = consumer-auth-timeline-group-6
	client.rack = 
	connections.max.idle.ms = 540000
	default.api.timeout.ms = 60000
	enable.auto.commit = false
	enable.metrics.push = true
	exclude.internal.topics = true
	fetch.max.bytes = 52428800
	fetch.max.wait.ms = 500
	fetch.min.bytes = 1
	group.id = auth-timeline-group
	group.instance.id = null
	group.protocol = classic
	group.remote.assignor = null
	heartbeat.interval.ms = 3000
	interceptor.classes = []
	internal.leave.group.on.close = true
	internal.throw.on.fetch.stable.offset.unsupported = false
	isolation.level = read_uncommitted
	key.deserializer = class org.apache.kafka.common.serialization.StringDeserializer
	max.partition.fetch.bytes = 1048576
	max.poll.interval.ms = 300000
	max.poll.records = 500
	metadata.max.age.ms = 300000
	metric.reporters = []
	metrics.num.samples = 2
	metrics.recording.level = INFO
	metrics.sample.window.ms = 30000
	partition.assignment.strategy = [class org.apache.kafka.clients.consumer.RangeAssignor, class org.apache.kafka.clients.consumer.CooperativeStickyAssignor]
	receive.buffer.bytes = 65536
	reconnect.backoff.max.ms = 1000
	reconnect.backoff.ms = 50
	request.timeout.ms = 30000
	retry.backoff.max.ms = 1000
	retry.backoff.ms = 100
	sasl.client.callback.handler.class = null
	sasl.jaas.config = null
	sasl.kerberos.kinit.cmd = /usr/bin/kinit
	sasl.kerberos.min.time.before.relogin = 60000
	sasl.kerberos.service.name = null
	sasl.kerberos.ticket.renew.jitter = 0.05
	sasl.kerberos.ticket.renew.window.factor = 0.8
	sasl.login.callback.handler.class = null
	sasl.login.class = null
	sasl.login.connect.timeout.ms = null
	sasl.login.read.timeout.ms = null
	sasl.login.refresh.buffer.seconds = 300
	sasl.login.refresh.min.period.seconds = 60
	sasl.login.refresh.window.factor = 0.8
	sasl.login.refresh.window.jitter = 0.05
	sasl.login.retry.backoff.max.ms = 10000
	sasl.login.retry.backoff.ms = 100
	sasl.mechanism = GSSAPI
	sasl.oauthbearer.clock.skew.seconds = 30
	sasl.oauthbearer.expected.audience = null
	sasl.oauthbearer.expected.issuer = null
	sasl.oauthbearer.jwks.endpoint.refresh.ms = 3600000
	sasl.oauthbearer.jwks.endpoint.retry.backoff.max.ms = 10000
	sasl.oauthbearer.jwks.endpoint.retry.backoff.ms = 100
	sasl.oauthbearer.jwks.endpoint.url = null
	sasl.oauthbearer.scope.claim.name = scope
	sasl.oauthbearer.sub.claim.name = sub
	sasl.oauthbearer.token.endpoint.url = null
	security.protocol = PLAINTEXT
	security.providers = null
	send.buffer.bytes = 131072
	session.timeout.ms = 45000
	socket.connection.setup.timeout.max.ms = 30000
	socket.connection.setup.timeout.ms = 10000
	ssl.cipher.suites = null
	ssl.enabled.protocols = [TLSv1.2, TLSv1.3]
	ssl.endpoint.identification.algorithm = https
	ssl.engine.factory.class = null
	ssl.key.password = null
	ssl.keymanager.algorithm = SunX509
	ssl.keystore.certificate.chain = null
	ssl.keystore.key = null
	ssl.keystore.location = null
	ssl.keystore.password = null
	ssl.keystore.type = JKS
	ssl.protocol = TLSv1.3
	ssl.provider = null
	ssl.secure.random.implementation = null
	ssl.trustmanager.algorithm = PKIX
	ssl.truststore.certificates = null
	ssl.truststore.location = null
	ssl.truststore.password = null
	ssl.truststore.type = JKS
	value.deserializer = class org.apache.kafka.common.serialization.StringDeserializer

2024-11-11T12:30:52.380+01:00  INFO 36088 --- [authentication-service] [           main] o.a.k.c.t.i.KafkaMetricsCollector        : initializing Kafka metrics collector
2024-11-11T12:30:52.381+01:00  INFO 36088 --- [authentication-service] [           main] o.a.kafka.common.utils.AppInfoParser     : Kafka version: 3.7.1
2024-11-11T12:30:52.381+01:00  INFO 36088 --- [authentication-service] [           main] o.a.kafka.common.utils.AppInfoParser     : Kafka commitId: e2494e6ffb89f828
2024-11-11T12:30:52.381+01:00  INFO 36088 --- [authentication-service] [           main] o.a.kafka.common.utils.AppInfoParser     : Kafka startTimeMs: 1731324652381
2024-11-11T12:30:52.381+01:00  INFO 36088 --- [authentication-service] [           main] o.a.k.c.c.internals.LegacyKafkaConsumer  : [Consumer clientId=consumer-auth-timeline-group-6, groupId=auth-timeline-group] Subscribed to topic(s): TIMELINE
2024-11-11T12:30:52.386+01:00  INFO 36088 --- [authentication-service] [           main] n.r.m.a.a.AuthenticationApplicationTests : Started AuthenticationApplicationTests in 41.409 seconds (process running for 42.475)
]]></system-out>
  </testcase>
</testsuite>